[32m2026-03-03 11:36:00[0m | [1mINFO    [0m | [36mlogger[0m:[36m<module>[0m:[36m41[0m - [1mLogging initialized | Level: INFO | File: logs/bot.log[0m
[32m2026-03-03 11:36:01[0m | [1mINFO    [0m | [36m__main__[0m:[36mrun_signal_generator[0m:[36m48[0m - [1mStarting signal generator...[0m
[32m2026-03-03 11:36:01[0m | [1mINFO    [0m | [36mdata_loader[0m:[36mload_cached_data[0m:[36m51[0m - [1mLoaded 51840 rows from cache: SOL_5m[0m
[32m2026-03-03 11:36:01[0m | [1mINFO    [0m | [36msignal_generator[0m:[36mload_initial_data[0m:[36m53[0m - [1mLoaded 51840 candles for SOL[0m
[32m2026-03-03 11:36:01[0m | [1mINFO    [0m | [36mdata_loader[0m:[36mload_cached_data[0m:[36m51[0m - [1mLoaded 51840 rows from cache: ETH_5m[0m
[32m2026-03-03 11:36:01[0m | [1mINFO    [0m | [36msignal_generator[0m:[36mload_initial_data[0m:[36m53[0m - [1mLoaded 51840 candles for ETH[0m
[32m2026-03-03 11:36:01[0m | [1mINFO    [0m | [36mdata_loader[0m:[36mload_cached_data[0m:[36m51[0m - [1mLoaded 51840 rows from cache: WBTC_5m[0m
[32m2026-03-03 11:36:02[0m | [1mINFO    [0m | [36msignal_generator[0m:[36mload_initial_data[0m:[36m53[0m - [1mLoaded 51840 candles for WBTC[0m
╭─────────────────────────────────── START ────────────────────────────────────╮
│ Jupiter Perps Signal Generator                                               │
│ Symbols: SOL, ETH, WBTC                                                      │
│ Timeframe: 5m                                                                │
│ Update interval: 60s                                                         │
╰──────────────────────────────────────────────────────────────────────────────╯
                               Real-Time Signals                                
┏━━━━━━━━┳━━━━━━━━━┳━━━━━━━━━━┳━━━━━━━━━━┳━━━━━━━━━┳━━━━━━┳━━━━━━━━━━┳━━━━━━━━━┓
┃        ┃         ┃          ┃          ┃ Change  ┃      ┃          ┃ Funding ┃
┃ Symbol ┃ Signal  ┃ Confide… ┃ Price    ┃ %       ┃ RSI  ┃ Funding  ┃ OK      ┃
┡━━━━━━━━╇━━━━━━━━━╇━━━━━━━━━━╇━━━━━━━━━━╇━━━━━━━━━╇━━━━━━╇━━━━━━━━━━╇━━━━━━━━━┩
│ SOL    │ NEUTRAL │ 0.0%     │ $119.10… │ +0.06%  │ 49.7 │ -0.00050 │ ✓       │
│ ETH    │ NEUTRAL │ 0.0%     │ $99.8511 │ +0.00%  │ 49.5 │ +0.00020 │ ✓       │
│ WBTC   │ NEUTRAL │ 0.0%     │ $172.22… │ +0.19%  │ 64.9 │ +0.00010 │ ✓       │
└────────┴─────────┴──────────┴──────────┴─────────┴──────┴──────────┴─────────┘
                               Real-Time Signals                                
┏━━━━━━━━┳━━━━━━━━━┳━━━━━━━━━━┳━━━━━━━━━━┳━━━━━━━━━┳━━━━━━┳━━━━━━━━━━┳━━━━━━━━━┓
┃        ┃         ┃          ┃          ┃ Change  ┃      ┃          ┃ Funding ┃
┃ Symbol ┃ Signal  ┃ Confide… ┃ Price    ┃ %       ┃ RSI  ┃ Funding  ┃ OK      ┃
┡━━━━━━━━╇━━━━━━━━━╇━━━━━━━━━━╇━━━━━━━━━━╇━━━━━━━━━╇━━━━━━╇━━━━━━━━━━╇━━━━━━━━━┩
│ SOL    │ NEUTRAL │ 0.0%     │ $119.10… │ +0.06%  │ 49.7 │ -0.00050 │ ✓       │
│ ETH    │ NEUTRAL │ 0.0%     │ $99.8511 │ +0.00%  │ 49.5 │ +0.00020 │ ✓       │
│ WBTC   │ NEUTRAL │ 0.0%     │ $172.22… │ +0.19%  │ 64.9 │ +0.00010 │ ✓       │
└────────┴─────────┴──────────┴──────────┴─────────┴──────┴──────────┴─────────┘
                               Real-Time Signals                                
┏━━━━━━━━┳━━━━━━━━━┳━━━━━━━━━━┳━━━━━━━━━━┳━━━━━━━━━┳━━━━━━┳━━━━━━━━━━┳━━━━━━━━━┓
┃        ┃         ┃          ┃          ┃ Change  ┃      ┃          ┃ Funding ┃
┃ Symbol ┃ Signal  ┃ Confide… ┃ Price    ┃ %       ┃ RSI  ┃ Funding  ┃ OK      ┃
┡━━━━━━━━╇━━━━━━━━━╇━━━━━━━━━━╇━━━━━━━━━━╇━━━━━━━━━╇━━━━━━╇━━━━━━━━━━╇━━━━━━━━━┩
│ SOL    │ NEUTRAL │ 0.0%     │ $119.10… │ +0.06%  │ 49.7 │ -0.00050 │ ✓       │
│ ETH    │ NEUTRAL │ 0.0%     │ $99.8511 │ +0.00%  │ 49.5 │ +0.00020 │ ✓       │
│ WBTC   │ NEUTRAL │ 0.0%     │ $172.22… │ +0.19%  │ 64.9 │ +0.00010 │ ✓       │
└────────┴─────────┴──────────┴──────────┴─────────┴──────┴──────────┴─────────┘
                               Real-Time Signals                                
┏━━━━━━━━┳━━━━━━━━━┳━━━━━━━━━━┳━━━━━━━━━━┳━━━━━━━━━┳━━━━━━┳━━━━━━━━━━┳━━━━━━━━━┓
┃        ┃         ┃          ┃          ┃ Change  ┃      ┃          ┃ Funding ┃
┃ Symbol ┃ Signal  ┃ Confide… ┃ Price    ┃ %       ┃ RSI  ┃ Funding  ┃ OK      ┃
┡━━━━━━━━╇━━━━━━━━━╇━━━━━━━━━━╇━━━━━━━━━━╇━━━━━━━━━╇━━━━━━╇━━━━━━━━━━╇━━━━━━━━━┩
│ SOL    │ NEUTRAL │ 0.0%     │ $119.10… │ +0.06%  │ 49.7 │ -0.00050 │ ✓       │
│ ETH    │ NEUTRAL │ 0.0%     │ $99.8511 │ +0.00%  │ 49.5 │ +0.00020 │ ✓       │
│ WBTC   │ NEUTRAL │ 0.0%     │ $172.22… │ +0.19%  │ 64.9 │ +0.00010 │ ✓       │
└────────┴─────────┴──────────┴──────────┴─────────┴──────┴──────────┴─────────┘
                               Real-Time Signals                                
┏━━━━━━━━┳━━━━━━━━━┳━━━━━━━━━━┳━━━━━━━━━━┳━━━━━━━━━┳━━━━━━┳━━━━━━━━━━┳━━━━━━━━━┓
┃        ┃         ┃          ┃          ┃ Change  ┃      ┃          ┃ Funding ┃
┃ Symbol ┃ Signal  ┃ Confide… ┃ Price    ┃ %       ┃ RSI  ┃ Funding  ┃ OK      ┃
┡━━━━━━━━╇━━━━━━━━━╇━━━━━━━━━━╇━━━━━━━━━━╇━━━━━━━━━╇━━━━━━╇━━━━━━━━━━╇━━━━━━━━━┩
│ SOL    │ NEUTRAL │ 0.0%     │ $119.10… │ +0.06%  │ 49.7 │ -0.00050 │ ✓       │
│ ETH    │ NEUTRAL │ 0.0%     │ $99.8511 │ +0.00%  │ 49.5 │ +0.00020 │ ✓       │
│ WBTC   │ NEUTRAL │ 0.0%     │ $172.22… │ +0.19%  │ 64.9 │ +0.00010 │ ✓       │
└────────┴─────────┴──────────┴──────────┴─────────┴──────┴──────────┴─────────┘
                               Real-Time Signals                                
┏━━━━━━━━┳━━━━━━━━━┳━━━━━━━━━━┳━━━━━━━━━━┳━━━━━━━━━┳━━━━━━┳━━━━━━━━━━┳━━━━━━━━━┓
┃        ┃         ┃          ┃          ┃ Change  ┃      ┃          ┃ Funding ┃
┃ Symbol ┃ Signal  ┃ Confide… ┃ Price    ┃ %       ┃ RSI  ┃ Funding  ┃ OK      ┃
┡━━━━━━━━╇━━━━━━━━━╇━━━━━━━━━━╇━━━━━━━━━━╇━━━━━━━━━╇━━━━━━╇━━━━━━━━━━╇━━━━━━━━━┩
│ SOL    │ NEUTRAL │ 0.0%     │ $119.10… │ +0.06%  │ 49.7 │ -0.00050 │ ✓       │
│ ETH    │ NEUTRAL │ 0.0%     │ $99.8511 │ +0.00%  │ 49.5 │ +0.00020 │ ✓       │
│ WBTC   │ NEUTRAL │ 0.0%     │ $172.22… │ +0.19%  │ 64.9 │ +0.00010 │ ✓       │
└────────┴─────────┴──────────┴──────────┴─────────┴──────┴──────────┴─────────┘
                               Real-Time Signals                                
┏━━━━━━━━┳━━━━━━━━━┳━━━━━━━━━━┳━━━━━━━━━━┳━━━━━━━━━┳━━━━━━┳━━━━━━━━━━┳━━━━━━━━━┓
┃        ┃         ┃          ┃          ┃ Change  ┃      ┃          ┃ Funding ┃
┃ Symbol ┃ Signal  ┃ Confide… ┃ Price    ┃ %       ┃ RSI  ┃ Funding  ┃ OK      ┃
┡━━━━━━━━╇━━━━━━━━━╇━━━━━━━━━━╇━━━━━━━━━━╇━━━━━━━━━╇━━━━━━╇━━━━━━━━━━╇━━━━━━━━━┩
│ SOL    │ NEUTRAL │ 0.0%     │ $119.10… │ +0.06%  │ 49.7 │ -0.00050 │ ✓       │
│ ETH    │ NEUTRAL │ 0.0%     │ $99.8511 │ +0.00%  │ 49.5 │ +0.00020 │ ✓       │
│ WBTC   │ NEUTRAL │ 0.0%     │ $172.22… │ +0.19%  │ 64.9 │ +0.00010 │ ✓       │
└────────┴─────────┴──────────┴──────────┴─────────┴──────┴──────────┴─────────┘
                               Real-Time Signals                                
┏━━━━━━━━┳━━━━━━━━━┳━━━━━━━━━━┳━━━━━━━━━━┳━━━━━━━━━┳━━━━━━┳━━━━━━━━━━┳━━━━━━━━━┓
┃        ┃         ┃          ┃          ┃ Change  ┃      ┃          ┃ Funding ┃
┃ Symbol ┃ Signal  ┃ Confide… ┃ Price    ┃ %       ┃ RSI  ┃ Funding  ┃ OK      ┃
┡━━━━━━━━╇━━━━━━━━━╇━━━━━━━━━━╇━━━━━━━━━━╇━━━━━━━━━╇━━━━━━╇━━━━━━━━━━╇━━━━━━━━━┩
│ SOL    │ NEUTRAL │ 0.0%     │ $119.10… │ +0.06%  │ 49.7 │ -0.00050 │ ✓       │
│ ETH    │ NEUTRAL │ 0.0%     │ $99.8511 │ +0.00%  │ 49.5 │ +0.00020 │ ✓       │
│ WBTC   │ NEUTRAL │ 0.0%     │ $172.22… │ +0.19%  │ 64.9 │ +0.00010 │ ✓       │
└────────┴─────────┴──────────┴──────────┴─────────┴──────┴──────────┴─────────┘
                               Real-Time Signals                                
┏━━━━━━━━┳━━━━━━━━━┳━━━━━━━━━━┳━━━━━━━━━━┳━━━━━━━━━┳━━━━━━┳━━━━━━━━━━┳━━━━━━━━━┓
┃        ┃         ┃          ┃          ┃ Change  ┃      ┃          ┃ Funding ┃
┃ Symbol ┃ Signal  ┃ Confide… ┃ Price    ┃ %       ┃ RSI  ┃ Funding  ┃ OK      ┃
┡━━━━━━━━╇━━━━━━━━━╇━━━━━━━━━━╇━━━━━━━━━━╇━━━━━━━━━╇━━━━━━╇━━━━━━━━━━╇━━━━━━━━━┩
│ SOL    │ NEUTRAL │ 0.0%     │ $119.10… │ +0.06%  │ 49.7 │ -0.00050 │ ✓       │
│ ETH    │ NEUTRAL │ 0.0%     │ $99.8511 │ +0.00%  │ 49.5 │ +0.00020 │ ✓       │
│ WBTC   │ NEUTRAL │ 0.0%     │ $172.22… │ +0.19%  │ 64.9 │ +0.00010 │ ✓       │
└────────┴─────────┴──────────┴──────────┴─────────┴──────┴──────────┴─────────┘
                               Real-Time Signals                                
┏━━━━━━━━┳━━━━━━━━━┳━━━━━━━━━━┳━━━━━━━━━━┳━━━━━━━━━┳━━━━━━┳━━━━━━━━━━┳━━━━━━━━━┓
┃        ┃         ┃          ┃          ┃ Change  ┃      ┃          ┃ Funding ┃
┃ Symbol ┃ Signal  ┃ Confide… ┃ Price    ┃ %       ┃ RSI  ┃ Funding  ┃ OK      ┃
┡━━━━━━━━╇━━━━━━━━━╇━━━━━━━━━━╇━━━━━━━━━━╇━━━━━━━━━╇━━━━━━╇━━━━━━━━━━╇━━━━━━━━━┩
│ SOL    │ NEUTRAL │ 0.0%     │ $119.10… │ +0.06%  │ 49.7 │ -0.00050 │ ✓       │
│ ETH    │ NEUTRAL │ 0.0%     │ $99.8511 │ +0.00%  │ 49.5 │ +0.00020 │ ✓       │
│ WBTC   │ NEUTRAL │ 0.0%     │ $172.22… │ +0.19%  │ 64.9 │ +0.00010 │ ✓       │
└────────┴─────────┴──────────┴──────────┴─────────┴──────┴──────────┴─────────┘
[32m2026-03-03 11:45:04[0m | [1mINFO    [0m | [36mlogger[0m:[36m<module>[0m:[36m41[0m - [1mLogging initialized | Level: INFO | File: logs/bot.log[0m
[32m2026-03-03 11:45:04[0m | [1mINFO    [0m | [36m__main__[0m:[36mrun_signal_generator[0m:[36m48[0m - [1mStarting signal generator...[0m
[32m2026-03-03 11:45:04[0m | [1mINFO    [0m | [36mdata_loader[0m:[36mload_cached_data[0m:[36m51[0m - [1mLoaded 51840 rows from cache: SOL_5m[0m
[32m2026-03-03 11:45:05[0m | [1mINFO    [0m | [36msignal_generator[0m:[36mload_initial_data[0m:[36m53[0m - [1mLoaded 51840 candles for SOL[0m
[32m2026-03-03 11:45:05[0m | [1mINFO    [0m | [36mdata_loader[0m:[36mload_cached_data[0m:[36m51[0m - [1mLoaded 51840 rows from cache: ETH_5m[0m
[32m2026-03-03 11:45:05[0m | [1mINFO    [0m | [36msignal_generator[0m:[36mload_initial_data[0m:[36m53[0m - [1mLoaded 51840 candles for ETH[0m
[32m2026-03-03 11:45:05[0m | [1mINFO    [0m | [36mdata_loader[0m:[36mload_cached_data[0m:[36m51[0m - [1mLoaded 51840 rows from cache: WBTC_5m[0m
[32m2026-03-03 11:45:05[0m | [1mINFO    [0m | [36msignal_generator[0m:[36mload_initial_data[0m:[36m53[0m - [1mLoaded 51840 candles for WBTC[0m
╭─────────────────────────────────── START ────────────────────────────────────╮
│ Jupiter Perps Signal Generator                                               │
│ Symbols: SOL, ETH, WBTC                                                      │
│ Timeframe: 5m                                                                │
│ Update interval: 60s                                                         │
╰──────────────────────────────────────────────────────────────────────────────╯
                               Real-Time Signals                                
┏━━━━━━━━┳━━━━━━━━━┳━━━━━━━━━━┳━━━━━━━━━━┳━━━━━━━━━┳━━━━━━┳━━━━━━━━━━┳━━━━━━━━━┓
┃        ┃         ┃          ┃          ┃ Change  ┃      ┃          ┃ Funding ┃
┃ Symbol ┃ Signal  ┃ Confide… ┃ Price    ┃ %       ┃ RSI  ┃ Funding  ┃ OK      ┃
┡━━━━━━━━╇━━━━━━━━━╇━━━━━━━━━━╇━━━━━━━━━━╇━━━━━━━━━╇━━━━━━╇━━━━━━━━━━╇━━━━━━━━━┩
│ SOL    │ NEUTRAL │ 0.0%     │ $119.10… │ +0.06%  │ 49.7 │ -0.00050 │ ✓       │
│ ETH    │ NEUTRAL │ 0.0%     │ $99.8511 │ +0.00%  │ 49.5 │ +0.00020 │ ✓       │
│ WBTC   │ NEUTRAL │ 0.0%     │ $172.22… │ +0.19%  │ 64.9 │ +0.00010 │ ✓       │
└────────┴─────────┴──────────┴──────────┴─────────┴──────┴──────────┴─────────┘
                               Real-Time Signals                                
┏━━━━━━━━┳━━━━━━━━━┳━━━━━━━━━━┳━━━━━━━━━━┳━━━━━━━━━┳━━━━━━┳━━━━━━━━━━┳━━━━━━━━━┓
┃        ┃         ┃          ┃          ┃ Change  ┃      ┃          ┃ Funding ┃
┃ Symbol ┃ Signal  ┃ Confide… ┃ Price    ┃ %       ┃ RSI  ┃ Funding  ┃ OK      ┃
┡━━━━━━━━╇━━━━━━━━━╇━━━━━━━━━━╇━━━━━━━━━━╇━━━━━━━━━╇━━━━━━╇━━━━━━━━━━╇━━━━━━━━━┩
│ SOL    │ NEUTRAL │ 0.0%     │ $119.10… │ +0.06%  │ 49.7 │ -0.00050 │ ✓       │
│ ETH    │ NEUTRAL │ 0.0%     │ $99.8511 │ +0.00%  │ 49.5 │ +0.00020 │ ✓       │
│ WBTC   │ NEUTRAL │ 0.0%     │ $172.22… │ +0.19%  │ 64.9 │ +0.00010 │ ✓       │
└────────┴─────────┴──────────┴──────────┴─────────┴──────┴──────────┴─────────┘
[32m2026-03-03 11:46:10[0m | [1mINFO    [0m | [36mlogger[0m:[36m<module>[0m:[36m41[0m - [1mLogging initialized | Level: INFO | File: logs/bot.log[0m
[32m2026-03-03 11:46:21[0m | [1mINFO    [0m | [36mlogger[0m:[36m<module>[0m:[36m41[0m - [1mLogging initialized | Level: INFO | File: logs/bot.log[0m
[32m2026-03-03 11:46:31[0m | [1mINFO    [0m | [36mlogger[0m:[36m<module>[0m:[36m41[0m - [1mLogging initialized | Level: INFO | File: logs/bot.log[0m
[32m2026-03-03 11:46:42[0m | [1mINFO    [0m | [36mlogger[0m:[36m<module>[0m:[36m41[0m - [1mLogging initialized | Level: INFO | File: logs/bot.log[0m
[32m2026-03-03 11:46:52[0m | [1mINFO    [0m | [36mlogger[0m:[36m<module>[0m:[36m41[0m - [1mLogging initialized | Level: INFO | File: logs/bot.log[0m
[32m2026-03-03 11:47:03[0m | [1mINFO    [0m | [36mlogger[0m:[36m<module>[0m:[36m41[0m - [1mLogging initialized | Level: INFO | File: logs/bot.log[0m
[32m2026-03-03 11:47:13[0m | [1mINFO    [0m | [36mlogger[0m:[36m<module>[0m:[36m41[0m - [1mLogging initialized | Level: INFO | File: logs/bot.log[0m
[32m2026-03-03 11:47:24[0m | [1mINFO    [0m | [36mlogger[0m:[36m<module>[0m:[36m41[0m - [1mLogging initialized | Level: INFO | File: logs/bot.log[0m
[32m2026-03-03 11:47:35[0m | [1mINFO    [0m | [36mlogger[0m:[36m<module>[0m:[36m41[0m - [1mLogging initialized | Level: INFO | File: logs/bot.log[0m
[32m2026-03-03 11:47:45[0m | [1mINFO    [0m | [36mlogger[0m:[36m<module>[0m:[36m41[0m - [1mLogging initialized | Level: INFO | File: logs/bot.log[0m
[32m2026-03-03 11:47:56[0m | [1mINFO    [0m | [36mlogger[0m:[36m<module>[0m:[36m41[0m - [1mLogging initialized | Level: INFO | File: logs/bot.log[0m
[32m2026-03-03 11:48:06[0m | [1mINFO    [0m | [36mlogger[0m:[36m<module>[0m:[36m41[0m - [1mLogging initialized | Level: INFO | File: logs/bot.log[0m
[32m2026-03-03 11:48:17[0m | [1mINFO    [0m | [36mlogger[0m:[36m<module>[0m:[36m41[0m - [1mLogging initialized | Level: INFO | File: logs/bot.log[0m
[32m2026-03-03 11:48:27[0m | [1mINFO    [0m | [36mlogger[0m:[36m<module>[0m:[36m41[0m - [1mLogging initialized | Level: INFO | File: logs/bot.log[0m
[32m2026-03-03 11:48:38[0m | [1mINFO    [0m | [36mlogger[0m:[36m<module>[0m:[36m41[0m - [1mLogging initialized | Level: INFO | File: logs/bot.log[0m
[32m2026-03-03 11:48:49[0m | [1mINFO    [0m | [36mlogger[0m:[36m<module>[0m:[36m41[0m - [1mLogging initialized | Level: INFO | File: logs/bot.log[0m
[32m2026-03-03 11:48:59[0m | [1mINFO    [0m | [36mlogger[0m:[36m<module>[0m:[36m41[0m - [1mLogging initialized | Level: INFO | File: logs/bot.log[0m
[32m2026-03-03 11:49:10[0m | [1mINFO    [0m | [36mlogger[0m:[36m<module>[0m:[36m41[0m - [1mLogging initialized | Level: INFO | File: logs/bot.log[0m
[32m2026-03-03 11:49:20[0m | [1mINFO    [0m | [36mlogger[0m:[36m<module>[0m:[36m41[0m - [1mLogging initialized | Level: INFO | File: logs/bot.log[0m
[32m2026-03-03 11:49:31[0m | [1mINFO    [0m | [36mlogger[0m:[36m<module>[0m:[36m41[0m - [1mLogging initialized | Level: INFO | File: logs/bot.log[0m
[32m2026-03-03 11:49:41[0m | [1mINFO    [0m | [36mlogger[0m:[36m<module>[0m:[36m41[0m - [1mLogging initialized | Level: INFO | File: logs/bot.log[0m
[32m2026-03-03 11:49:52[0m | [1mINFO    [0m | [36mlogger[0m:[36m<module>[0m:[36m41[0m - [1mLogging initialized | Level: INFO | File: logs/bot.log[0m
[32m2026-03-03 11:50:02[0m | [1mINFO    [0m | [36mlogger[0m:[36m<module>[0m:[36m41[0m - [1mLogging initialized | Level: INFO | File: logs/bot.log[0m
[32m2026-03-03 11:50:13[0m | [1mINFO    [0m | [36mlogger[0m:[36m<module>[0m:[36m41[0m - [1mLogging initialized | Level: INFO | File: logs/bot.log[0m
[32m2026-03-03 11:50:24[0m | [1mINFO    [0m | [36mlogger[0m:[36m<module>[0m:[36m41[0m - [1mLogging initialized | Level: INFO | File: logs/bot.log[0m
[32m2026-03-03 11:50:34[0m | [1mINFO    [0m | [36mlogger[0m:[36m<module>[0m:[36m41[0m - [1mLogging initialized | Level: INFO | File: logs/bot.log[0m
[32m2026-03-03 11:50:45[0m | [1mINFO    [0m | [36mlogger[0m:[36m<module>[0m:[36m41[0m - [1mLogging initialized | Level: INFO | File: logs/bot.log[0m
[32m2026-03-03 11:50:55[0m | [1mINFO    [0m | [36mlogger[0m:[36m<module>[0m:[36m41[0m - [1mLogging initialized | Level: INFO | File: logs/bot.log[0m
[32m2026-03-03 11:51:06[0m | [1mINFO    [0m | [36mlogger[0m:[36m<module>[0m:[36m41[0m - [1mLogging initialized | Level: INFO | File: logs/bot.log[0m
[32m2026-03-03 11:51:16[0m | [1mINFO    [0m | [36mlogger[0m:[36m<module>[0m:[36m41[0m - [1mLogging initialized | Level: INFO | File: logs/bot.log[0m
[32m2026-03-03 11:51:27[0m | [1mINFO    [0m | [36mlogger[0m:[36m<module>[0m:[36m41[0m - [1mLogging initialized | Level: INFO | File: logs/bot.log[0m
[32m2026-03-03 11:51:38[0m | [1mINFO    [0m | [36mlogger[0m:[36m<module>[0m:[36m41[0m - [1mLogging initialized | Level: INFO | File: logs/bot.log[0m
[32m2026-03-03 11:51:48[0m | [1mINFO    [0m | [36mlogger[0m:[36m<module>[0m:[36m41[0m - [1mLogging initialized | Level: INFO | File: logs/bot.log[0m
[32m2026-03-03 11:51:59[0m | [1mINFO    [0m | [36mlogger[0m:[36m<module>[0m:[36m41[0m - [1mLogging initialized | Level: INFO | File: logs/bot.log[0m
[32m2026-03-03 11:52:09[0m | [1mINFO    [0m | [36mlogger[0m:[36m<module>[0m:[36m41[0m - [1mLogging initialized | Level: INFO | File: logs/bot.log[0m
[32m2026-03-03 11:52:20[0m | [1mINFO    [0m | [36mlogger[0m:[36m<module>[0m:[36m41[0m - [1mLogging initialized | Level: INFO | File: logs/bot.log[0m
[32m2026-03-03 11:52:30[0m | [1mINFO    [0m | [36mlogger[0m:[36m<module>[0m:[36m41[0m - [1mLogging initialized | Level: INFO | File: logs/bot.log[0m
[32m2026-03-03 11:52:41[0m | [1mINFO    [0m | [36mlogger[0m:[36m<module>[0m:[36m41[0m - [1mLogging initialized | Level: INFO | File: logs/bot.log[0m
[32m2026-03-03 11:52:52[0m | [1mINFO    [0m | [36mlogger[0m:[36m<module>[0m:[36m41[0m - [1mLogging initialized | Level: INFO | File: logs/bot.log[0m
[32m2026-03-03 11:53:02[0m | [1mINFO    [0m | [36mlogger[0m:[36m<module>[0m:[36m41[0m - [1mLogging initialized | Level: INFO | File: logs/bot.log[0m
[32m2026-03-03 11:53:13[0m | [1mINFO    [0m | [36mlogger[0m:[36m<module>[0m:[36m41[0m - [1mLogging initialized | Level: INFO | File: logs/bot.log[0m
[32m2026-03-03 11:53:23[0m | [1mINFO    [0m | [36mlogger[0m:[36m<module>[0m:[36m41[0m - [1mLogging initialized | Level: INFO | File: logs/bot.log[0m
[32m2026-03-03 11:53:34[0m | [1mINFO    [0m | [36mlogger[0m:[36m<module>[0m:[36m41[0m - [1mLogging initialized | Level: INFO | File: logs/bot.log[0m
[32m2026-03-03 11:53:44[0m | [1mINFO    [0m | [36mlogger[0m:[36m<module>[0m:[36m41[0m - [1mLogging initialized | Level: INFO | File: logs/bot.log[0m
[32m2026-03-03 11:53:55[0m | [1mINFO    [0m | [36mlogger[0m:[36m<module>[0m:[36m41[0m - [1mLogging initialized | Level: INFO | File: logs/bot.log[0m
[32m2026-03-03 11:54:05[0m | [1mINFO    [0m | [36mlogger[0m:[36m<module>[0m:[36m41[0m - [1mLogging initialized | Level: INFO | File: logs/bot.log[0m
[32m2026-03-03 11:54:16[0m | [1mINFO    [0m | [36mlogger[0m:[36m<module>[0m:[36m41[0m - [1mLogging initialized | Level: INFO | File: logs/bot.log[0m
[32m2026-03-03 11:54:27[0m | [1mINFO    [0m | [36mlogger[0m:[36m<module>[0m:[36m41[0m - [1mLogging initialized | Level: INFO | File: logs/bot.log[0m
[32m2026-03-03 11:54:37[0m | [1mINFO    [0m | [36mlogger[0m:[36m<module>[0m:[36m41[0m - [1mLogging initialized | Level: INFO | File: logs/bot.log[0m
[32m2026-03-03 11:54:48[0m | [1mINFO    [0m | [36mlogger[0m:[36m<module>[0m:[36m41[0m - [1mLogging initialized | Level: INFO | File: logs/bot.log[0m
[32m2026-03-03 11:54:58[0m | [1mINFO    [0m | [36mlogger[0m:[36m<module>[0m:[36m41[0m - [1mLogging initialized | Level: INFO | File: logs/bot.log[0m
[32m2026-03-03 11:55:09[0m | [1mINFO    [0m | [36mlogger[0m:[36m<module>[0m:[36m41[0m - [1mLogging initialized | Level: INFO | File: logs/bot.log[0m
[32m2026-03-03 11:55:19[0m | [1mINFO    [0m | [36mlogger[0m:[36m<module>[0m:[36m41[0m - [1mLogging initialized | Level: INFO | File: logs/bot.log[0m
[32m2026-03-03 11:55:30[0m | [1mINFO    [0m | [36mlogger[0m:[36m<module>[0m:[36m41[0m - [1mLogging initialized | Level: INFO | File: logs/bot.log[0m
[32m2026-03-03 11:55:40[0m | [1mINFO    [0m | [36mlogger[0m:[36m<module>[0m:[36m41[0m - [1mLogging initialized | Level: INFO | File: logs/bot.log[0m
[32m2026-03-03 11:55:51[0m | [1mINFO    [0m | [36mlogger[0m:[36m<module>[0m:[36m41[0m - [1mLogging initialized | Level: INFO | File: logs/bot.log[0m
[32m2026-03-03 11:56:02[0m | [1mINFO    [0m | [36mlogger[0m:[36m<module>[0m:[36m41[0m - [1mLogging initialized | Level: INFO | File: logs/bot.log[0m
[32m2026-03-03 11:56:12[0m | [1mINFO    [0m | [36mlogger[0m:[36m<module>[0m:[36m41[0m - [1mLogging initialized | Level: INFO | File: logs/bot.log[0m
[32m2026-03-03 11:56:23[0m | [1mINFO    [0m | [36mlogger[0m:[36m<module>[0m:[36m41[0m - [1mLogging initialized | Level: INFO | File: logs/bot.log[0m
[32m2026-03-03 11:56:33[0m | [1mINFO    [0m | [36mlogger[0m:[36m<module>[0m:[36m41[0m - [1mLogging initialized | Level: INFO | File: logs/bot.log[0m
[32m2026-03-03 11:56:44[0m | [1mINFO    [0m | [36mlogger[0m:[36m<module>[0m:[36m41[0m - [1mLogging initialized | Level: INFO | File: logs/bot.log[0m
[32m2026-03-03 11:56:54[0m | [1mINFO    [0m | [36mlogger[0m:[36m<module>[0m:[36m41[0m - [1mLogging initialized | Level: INFO | File: logs/bot.log[0m
[32m2026-03-03 11:57:05[0m | [1mINFO    [0m | [36mlogger[0m:[36m<module>[0m:[36m41[0m - [1mLogging initialized | Level: INFO | File: logs/bot.log[0m
[32m2026-03-03 11:57:15[0m | [1mINFO    [0m | [36mlogger[0m:[36m<module>[0m:[36m41[0m - [1mLogging initialized | Level: INFO | File: logs/bot.log[0m
[32m2026-03-03 11:57:26[0m | [1mINFO    [0m | [36mlogger[0m:[36m<module>[0m:[36m41[0m - [1mLogging initialized | Level: INFO | File: logs/bot.log[0m
[32m2026-03-03 11:57:37[0m | [1mINFO    [0m | [36mlogger[0m:[36m<module>[0m:[36m41[0m - [1mLogging initialized | Level: INFO | File: logs/bot.log[0m
[32m2026-03-03 11:57:47[0m | [1mINFO    [0m | [36mlogger[0m:[36m<module>[0m:[36m41[0m - [1mLogging initialized | Level: INFO | File: logs/bot.log[0m
[32m2026-03-03 11:57:58[0m | [1mINFO    [0m | [36mlogger[0m:[36m<module>[0m:[36m41[0m - [1mLogging initialized | Level: INFO | File: logs/bot.log[0m
[32m2026-03-03 11:58:08[0m | [1mINFO    [0m | [36mlogger[0m:[36m<module>[0m:[36m41[0m - [1mLogging initialized | Level: INFO | File: logs/bot.log[0m
[32m2026-03-03 11:58:19[0m | [1mINFO    [0m | [36mlogger[0m:[36m<module>[0m:[36m41[0m - [1mLogging initialized | Level: INFO | File: logs/bot.log[0m
[32m2026-03-03 11:58:29[0m | [1mINFO    [0m | [36mlogger[0m:[36m<module>[0m:[36m41[0m - [1mLogging initialized | Level: INFO | File: logs/bot.log[0m
[32m2026-03-03 11:58:40[0m | [1mINFO    [0m | [36mlogger[0m:[36m<module>[0m:[36m41[0m - [1mLogging initialized | Level: INFO | File: logs/bot.log[0m
[32m2026-03-03 11:58:50[0m | [1mINFO    [0m | [36mlogger[0m:[36m<module>[0m:[36m41[0m - [1mLogging initialized | Level: INFO | File: logs/bot.log[0m
[32m2026-03-03 11:59:01[0m | [1mINFO    [0m | [36mlogger[0m:[36m<module>[0m:[36m41[0m - [1mLogging initialized | Level: INFO | File: logs/bot.log[0m
[32m2026-03-03 11:59:12[0m | [1mINFO    [0m | [36mlogger[0m:[36m<module>[0m:[36m41[0m - [1mLogging initialized | Level: INFO | File: logs/bot.log[0m
[32m2026-03-03 11:59:22[0m | [1mINFO    [0m | [36mlogger[0m:[36m<module>[0m:[36m41[0m - [1mLogging initialized | Level: INFO | File: logs/bot.log[0m
[32m2026-03-03 11:59:33[0m | [1mINFO    [0m | [36mlogger[0m:[36m<module>[0m:[36m41[0m - [1mLogging initialized | Level: INFO | File: logs/bot.log[0m
[32m2026-03-03 11:59:43[0m | [1mINFO    [0m | [36mlogger[0m:[36m<module>[0m:[36m41[0m - [1mLogging initialized | Level: INFO | File: logs/bot.log[0m
[32m2026-03-03 11:59:54[0m | [1mINFO    [0m | [36mlogger[0m:[36m<module>[0m:[36m41[0m - [1mLogging initialized | Level: INFO | File: logs/bot.log[0m
[32m2026-03-03 12:00:04[0m | [1mINFO    [0m | [36mlogger[0m:[36m<module>[0m:[36m41[0m - [1mLogging initialized | Level: INFO | File: logs/bot.log[0m
[32m2026-03-03 12:00:15[0m | [1mINFO    [0m | [36mlogger[0m:[36m<module>[0m:[36m41[0m - [1mLogging initialized | Level: INFO | File: logs/bot.log[0m
[32m2026-03-03 12:00:25[0m | [1mINFO    [0m | [36mlogger[0m:[36m<module>[0m:[36m41[0m - [1mLogging initialized | Level: INFO | File: logs/bot.log[0m
[32m2026-03-03 12:00:36[0m | [1mINFO    [0m | [36mlogger[0m:[36m<module>[0m:[36m41[0m - [1mLogging initialized | Level: INFO | File: logs/bot.log[0m
[32m2026-03-03 12:00:36[0m | [1mINFO    [0m | [36m__main__[0m:[36mrun_signal_generator[0m:[36m48[0m - [1mStarting signal generator...[0m
[32m2026-03-03 12:00:47[0m | [1mINFO    [0m | [36mlogger[0m:[36m<module>[0m:[36m41[0m - [1mLogging initialized | Level: INFO | File: logs/bot.log[0m
[32m2026-03-03 12:00:47[0m | [1mINFO    [0m | [36m__main__[0m:[36mrun_signal_generator[0m:[36m48[0m - [1mStarting signal generator...[0m
[32m2026-03-03 12:00:57[0m | [1mINFO    [0m | [36mlogger[0m:[36m<module>[0m:[36m41[0m - [1mLogging initialized | Level: INFO | File: logs/bot.log[0m
[32m2026-03-03 12:00:57[0m | [1mINFO    [0m | [36m__main__[0m:[36mrun_signal_generator[0m:[36m48[0m - [1mStarting signal generator...[0m
[32m2026-03-03 12:01:08[0m | [1mINFO    [0m | [36mlogger[0m:[36m<module>[0m:[36m41[0m - [1mLogging initialized | Level: INFO | File: logs/bot.log[0m
[32m2026-03-03 12:01:08[0m | [1mINFO    [0m | [36m__main__[0m:[36mrun_signal_generator[0m:[36m48[0m - [1mStarting signal generator...[0m
[32m2026-03-03 12:01:18[0m | [1mINFO    [0m | [36mlogger[0m:[36m<module>[0m:[36m41[0m - [1mLogging initialized | Level: INFO | File: logs/bot.log[0m
[32m2026-03-03 12:01:19[0m | [1mINFO    [0m | [36m__main__[0m:[36mrun_signal_generator[0m:[36m48[0m - [1mStarting signal generator...[0m
[32m2026-03-03 12:01:29[0m | [1mINFO    [0m | [36mlogger[0m:[36m<module>[0m:[36m41[0m - [1mLogging initialized | Level: INFO | File: logs/bot.log[0m
[32m2026-03-03 12:01:29[0m | [1mINFO    [0m | [36m__main__[0m:[36mrun_signal_generator[0m:[36m48[0m - [1mStarting signal generator...[0m
[32m2026-03-03 12:01:39[0m | [1mINFO    [0m | [36mlogger[0m:[36m<module>[0m:[36m41[0m - [1mLogging initialized | Level: INFO | File: logs/bot.log[0m
[32m2026-03-03 12:01:40[0m | [1mINFO    [0m | [36m__main__[0m:[36mrun_signal_generator[0m:[36m48[0m - [1mStarting signal generator...[0m
[32m2026-03-03 12:01:50[0m | [1mINFO    [0m | [36mlogger[0m:[36m<module>[0m:[36m41[0m - [1mLogging initialized | Level: INFO | File: logs/bot.log[0m
[32m2026-03-03 12:01:50[0m | [1mINFO    [0m | [36m__main__[0m:[36mrun_signal_generator[0m:[36m48[0m - [1mStarting signal generator...[0m
[32m2026-03-03 12:02:00[0m | [1mINFO    [0m | [36mlogger[0m:[36m<module>[0m:[36m41[0m - [1mLogging initialized | Level: INFO | File: logs/bot.log[0m
[32m2026-03-03 12:02:01[0m | [1mINFO    [0m | [36m__main__[0m:[36mrun_signal_generator[0m:[36m48[0m - [1mStarting signal generator...[0m
[32m2026-03-03 12:02:11[0m | [1mINFO    [0m | [36mlogger[0m:[36m<module>[0m:[36m41[0m - [1mLogging initialized | Level: INFO | File: logs/bot.log[0m
[32m2026-03-03 12:02:11[0m | [1mINFO    [0m | [36m__main__[0m:[36mrun_signal_generator[0m:[36m48[0m - [1mStarting signal generator...[0m
[32m2026-03-03 12:02:22[0m | [1mINFO    [0m | [36mlogger[0m:[36m<module>[0m:[36m41[0m - [1mLogging initialized | Level: INFO | File: logs/bot.log[0m
[32m2026-03-03 12:02:22[0m | [1mINFO    [0m | [36m__main__[0m:[36mrun_signal_generator[0m:[36m48[0m - [1mStarting signal generator...[0m
[32m2026-03-03 12:02:32[0m | [1mINFO    [0m | [36mlogger[0m:[36m<module>[0m:[36m41[0m - [1mLogging initialized | Level: INFO | File: logs/bot.log[0m
[32m2026-03-03 12:02:33[0m | [1mINFO    [0m | [36m__main__[0m:[36mrun_signal_generator[0m:[36m48[0m - [1mStarting signal generator...[0m
[32m2026-03-03 12:02:43[0m | [1mINFO    [0m | [36mlogger[0m:[36m<module>[0m:[36m41[0m - [1mLogging initialized | Level: INFO | File: logs/bot.log[0m
[32m2026-03-03 12:02:43[0m | [1mINFO    [0m | [36m__main__[0m:[36mrun_signal_generator[0m:[36m48[0m - [1mStarting signal generator...[0m
[32m2026-03-03 12:02:53[0m | [1mINFO    [0m | [36mlogger[0m:[36m<module>[0m:[36m41[0m - [1mLogging initialized | Level: INFO | File: logs/bot.log[0m
[32m2026-03-03 12:02:54[0m | [1mINFO    [0m | [36m__main__[0m:[36mrun_signal_generator[0m:[36m48[0m - [1mStarting signal generator...[0m
[32m2026-03-03 12:03:04[0m | [1mINFO    [0m | [36mlogger[0m:[36m<module>[0m:[36m41[0m - [1mLogging initialized | Level: INFO | File: logs/bot.log[0m
[32m2026-03-03 12:03:04[0m | [1mINFO    [0m | [36m__main__[0m:[36mrun_signal_generator[0m:[36m48[0m - [1mStarting signal generator...[0m
[32m2026-03-03 12:03:14[0m | [1mINFO    [0m | [36mlogger[0m:[36m<module>[0m:[36m41[0m - [1mLogging initialized | Level: INFO | File: logs/bot.log[0m
[32m2026-03-03 12:03:15[0m | [1mINFO    [0m | [36m__main__[0m:[36mrun_signal_generator[0m:[36m48[0m - [1mStarting signal generator...[0m
[32m2026-03-03 12:03:25[0m | [1mINFO    [0m | [36mlogger[0m:[36m<module>[0m:[36m41[0m - [1mLogging initialized | Level: INFO | File: logs/bot.log[0m
[32m2026-03-03 12:03:25[0m | [1mINFO    [0m | [36m__main__[0m:[36mrun_signal_generator[0m:[36m48[0m - [1mStarting signal generator...[0m
[32m2026-03-03 12:03:26[0m | [1mINFO    [0m | [36mlogger[0m:[36m<module>[0m:[36m41[0m - [1mLogging initialized | Level: INFO | File: logs/bot.log[0m
[32m2026-03-03 12:03:26[0m | [1mINFO    [0m | [36m__main__[0m:[36mrun_signal_generator[0m:[36m48[0m - [1mStarting signal generator...[0m
[32m2026-03-03 12:03:36[0m | [1mINFO    [0m | [36mlogger[0m:[36m<module>[0m:[36m41[0m - [1mLogging initialized | Level: INFO | File: logs/bot.log[0m
[32m2026-03-03 12:03:37[0m | [1mINFO    [0m | [36m__main__[0m:[36mrun_signal_generator[0m:[36m48[0m - [1mStarting signal generator...[0m
[32m2026-03-03 12:03:47[0m | [1mINFO    [0m | [36mlogger[0m:[36m<module>[0m:[36m41[0m - [1mLogging initialized | Level: INFO | File: logs/bot.log[0m
[32m2026-03-03 12:03:47[0m | [1mINFO    [0m | [36m__main__[0m:[36mrun_signal_generator[0m:[36m48[0m - [1mStarting signal generator...[0m
[32m2026-03-03 12:03:57[0m | [1mINFO    [0m | [36mlogger[0m:[36m<module>[0m:[36m41[0m - [1mLogging initialized | Level: INFO | File: logs/bot.log[0m
[32m2026-03-03 12:03:58[0m | [1mINFO    [0m | [36m__main__[0m:[36mrun_signal_generator[0m:[36m48[0m - [1mStarting signal generator...[0m
[32m2026-03-03 12:04:08[0m | [1mINFO    [0m | [36mlogger[0m:[36m<module>[0m:[36m41[0m - [1mLogging initialized | Level: INFO | File: logs/bot.log[0m
[32m2026-03-03 12:04:08[0m | [1mINFO    [0m | [36m__main__[0m:[36mrun_signal_generator[0m:[36m48[0m - [1mStarting signal generator...[0m
[32m2026-03-03 12:04:18[0m | [1mINFO    [0m | [36mlogger[0m:[36m<module>[0m:[36m41[0m - [1mLogging initialized | Level: INFO | File: logs/bot.log[0m
[32m2026-03-03 12:04:19[0m | [1mINFO    [0m | [36m__main__[0m:[36mrun_signal_generator[0m:[36m48[0m - [1mStarting signal generator...[0m
[32m2026-03-03 12:04:29[0m | [1mINFO    [0m | [36mlogger[0m:[36m<module>[0m:[36m41[0m - [1mLogging initialized | Level: INFO | File: logs/bot.log[0m
[32m2026-03-03 12:04:29[0m | [1mINFO    [0m | [36m__main__[0m:[36mrun_signal_generator[0m:[36m48[0m - [1mStarting signal generator...[0m
[32m2026-03-03 12:04:40[0m | [1mINFO    [0m | [36mlogger[0m:[36m<module>[0m:[36m41[0m - [1mLogging initialized | Level: INFO | File: logs/bot.log[0m
[32m2026-03-03 12:04:40[0m | [1mINFO    [0m | [36m__main__[0m:[36mrun_signal_generator[0m:[36m48[0m - [1mStarting signal generator...[0m
[32m2026-03-03 12:04:50[0m | [1mINFO    [0m | [36mlogger[0m:[36m<module>[0m:[36m41[0m - [1mLogging initialized | Level: INFO | File: logs/bot.log[0m
[32m2026-03-03 12:04:51[0m | [1mINFO    [0m | [36m__main__[0m:[36mrun_signal_generator[0m:[36m48[0m - [1mStarting signal generator...[0m
[32m2026-03-03 12:05:01[0m | [1mINFO    [0m | [36mlogger[0m:[36m<module>[0m:[36m41[0m - [1mLogging initialized | Level: INFO | File: logs/bot.log[0m
[32m2026-03-03 12:05:01[0m | [1mINFO    [0m | [36m__main__[0m:[36mrun_signal_generator[0m:[36m48[0m - [1mStarting signal generator...[0m
[32m2026-03-03 12:05:11[0m | [1mINFO    [0m | [36mlogger[0m:[36m<module>[0m:[36m41[0m - [1mLogging initialized | Level: INFO | File: logs/bot.log[0m
[32m2026-03-03 12:05:12[0m | [1mINFO    [0m | [36m__main__[0m:[36mrun_signal_generator[0m:[36m48[0m - [1mStarting signal generator...[0m
[32m2026-03-03 12:05:22[0m | [1mINFO    [0m | [36mlogger[0m:[36m<module>[0m:[36m41[0m - [1mLogging initialized | Level: INFO | File: logs/bot.log[0m
[32m2026-03-03 12:05:22[0m | [1mINFO    [0m | [36m__main__[0m:[36mrun_signal_generator[0m:[36m48[0m - [1mStarting signal generator...[0m
[32m2026-03-03 12:05:32[0m | [1mINFO    [0m | [36mlogger[0m:[36m<module>[0m:[36m41[0m - [1mLogging initialized | Level: INFO | File: logs/bot.log[0m
[32m2026-03-03 12:05:33[0m | [1mINFO    [0m | [36m__main__[0m:[36mrun_signal_generator[0m:[36m48[0m - [1mStarting signal generator...[0m
[32m2026-03-03 12:05:43[0m | [1mINFO    [0m | [36mlogger[0m:[36m<module>[0m:[36m41[0m - [1mLogging initialized | Level: INFO | File: logs/bot.log[0m
[32m2026-03-03 12:05:43[0m | [1mINFO    [0m | [36m__main__[0m:[36mrun_signal_generator[0m:[36m48[0m - [1mStarting signal generator...[0m
[32m2026-03-03 12:05:54[0m | [1mINFO    [0m | [36mlogger[0m:[36m<module>[0m:[36m41[0m - [1mLogging initialized | Level: INFO | File: logs/bot.log[0m
[32m2026-03-03 12:05:54[0m | [1mINFO    [0m | [36m__main__[0m:[36mrun_signal_generator[0m:[36m48[0m - [1mStarting signal generator...[0m
[32m2026-03-03 12:06:04[0m | [1mINFO    [0m | [36mlogger[0m:[36m<module>[0m:[36m41[0m - [1mLogging initialized | Level: INFO | File: logs/bot.log[0m
[32m2026-03-03 12:06:04[0m | [1mINFO    [0m | [36m__main__[0m:[36mrun_signal_generator[0m:[36m48[0m - [1mStarting signal generator...[0m
[32m2026-03-03 12:06:15[0m | [1mINFO    [0m | [36mlogger[0m:[36m<module>[0m:[36m41[0m - [1mLogging initialized | Level: INFO | File: logs/bot.log[0m
[32m2026-03-03 12:06:15[0m | [1mINFO    [0m | [36m__main__[0m:[36mrun_signal_generator[0m:[36m48[0m - [1mStarting signal generator...[0m
[32m2026-03-03 12:06:25[0m | [1mINFO    [0m | [36mlogger[0m:[36m<module>[0m:[36m41[0m - [1mLogging initialized | Level: INFO | File: logs/bot.log[0m
[32m2026-03-03 12:06:26[0m | [1mINFO    [0m | [36m__main__[0m:[36mrun_signal_generator[0m:[36m48[0m - [1mStarting signal generator...[0m
[32m2026-03-03 12:06:36[0m | [1mINFO    [0m | [36mlogger[0m:[36m<module>[0m:[36m41[0m - [1mLogging initialized | Level: INFO | File: logs/bot.log[0m
[32m2026-03-03 12:06:36[0m | [1mINFO    [0m | [36m__main__[0m:[36mrun_signal_generator[0m:[36m48[0m - [1mStarting signal generator...[0m
[32m2026-03-03 12:06:46[0m | [1mINFO    [0m | [36mlogger[0m:[36m<module>[0m:[36m41[0m - [1mLogging initialized | Level: INFO | File: logs/bot.log[0m
[32m2026-03-03 12:06:47[0m | [1mINFO    [0m | [36m__main__[0m:[36mrun_signal_generator[0m:[36m48[0m - [1mStarting signal generator...[0m
[32m2026-03-03 12:06:47[0m | [1mINFO    [0m | [36msignal_generator[0m:[36mrun[0m:[36m71[0m - [1mStarting signal generator for ['SOL', 'ETH', 'WBTC'] on 5m[0m

Jupiter Perps Signal Generator
Symbols: SOL, ETH, WBTC
Timeframe: 5m
Update interval: 60s

[32m2026-03-03 12:06:47[0m | [1mINFO    [0m | [36mdata_loader[0m:[36mload_cached_data[0m:[36m51[0m - [1mLoaded 51840 rows from cache: SOL_5m[0m
[32m2026-03-03 12:06:47[0m | [1mINFO    [0m | [36mrisk_manager[0m:[36mfunding_rate_filter[0m:[36m96[0m - [1mFunding rate 0.0000 unfavorable for LONG[0m
[32m2026-03-03 12:06:47[0m | [1mINFO    [0m | [36mdata_loader[0m:[36mload_cached_data[0m:[36m51[0m - [1mLoaded 51840 rows from cache: ETH_5m[0m
[32m2026-03-03 12:06:48[0m | [1mINFO    [0m | [36mrisk_manager[0m:[36mfunding_rate_filter[0m:[36m96[0m - [1mFunding rate 0.0000 unfavorable for LONG[0m
[32m2026-03-03 12:06:48[0m | [1mINFO    [0m | [36mdata_loader[0m:[36mload_cached_data[0m:[36m51[0m - [1mLoaded 51840 rows from cache: WBTC_5m[0m
[32m2026-03-03 12:06:48[0m | [1mINFO    [0m | [36mrisk_manager[0m:[36mfunding_rate_filter[0m:[36m96[0m - [1mFunding rate 0.0000 unfavorable for LONG[0m
                               Real-Time Signals                                
┏━━━━━━━━┳━━━━━━━━┳━━━━━━━━━━┳━━━━━━━━━━┳━━━━━━━━━━┳━━━━━━┳━━━━━━━━━┳━━━━━━━━━━┓
┃        ┃        ┃          ┃          ┃          ┃      ┃         ┃ Funding  ┃
┃ Symbol ┃ Signal ┃ Confide… ┃ Price    ┃ Change % ┃ RSI  ┃ Funding ┃ OK       ┃
┡━━━━━━━━╇━━━━━━━━╇━━━━━━━━━━╇━━━━━━━━━━╇━━━━━━━━━━╇━━━━━━╇━━━━━━━━━╇━━━━━━━━━━┩
│ SOL    │ LONG   │ 50.0%    │ $119.10… │ +0.06%   │ 49.7 │ 0.00000 │ ✗        │
│ ETH    │ LONG   │ 50.0%    │ $99.8511 │ +0.00%   │ 49.5 │ 0.00000 │ ✗        │
│ WBTC   │ LONG   │ 50.0%    │ $172.22… │ +0.19%   │ 64.9 │ 0.00000 │ ✗        │
└────────┴────────┴──────────┴──────────┴──────────┴──────┴─────────┴──────────┘
[32m2026-03-03 12:06:50[0m | [1mINFO    [0m | [36mlogger[0m:[36m<module>[0m:[36m41[0m - [1mLogging initialized | Level: INFO | File: logs/bot.log[0m
[32m2026-03-03 12:06:50[0m | [1mINFO    [0m | [36m__main__[0m:[36mrun_signal_generator[0m:[36m48[0m - [1mStarting signal generator...[0m
[32m2026-03-03 12:06:50[0m | [1mINFO    [0m | [36msignal_generator[0m:[36mrun[0m:[36m71[0m - [1mStarting signal generator for ['SOL', 'ETH', 'WBTC'] on 5m[0m

Jupiter Perps Signal Generator
Symbols: SOL, ETH, WBTC
Timeframe: 5m
Update interval: 60s

[32m2026-03-03 12:06:50[0m | [1mINFO    [0m | [36mdata_loader[0m:[36mload_cached_data[0m:[36m51[0m - [1mLoaded 51840 rows from cache: SOL_5m[0m
[32m2026-03-03 12:06:51[0m | [1mINFO    [0m | [36mrisk_manager[0m:[36mfunding_rate_filter[0m:[36m96[0m - [1mFunding rate 0.0000 unfavorable for LONG[0m
[32m2026-03-03 12:06:51[0m | [1mINFO    [0m | [36mdata_loader[0m:[36mload_cached_data[0m:[36m51[0m - [1mLoaded 51840 rows from cache: ETH_5m[0m
[32m2026-03-03 12:06:51[0m | [1mINFO    [0m | [36mrisk_manager[0m:[36mfunding_rate_filter[0m:[36m96[0m - [1mFunding rate 0.0000 unfavorable for LONG[0m
[32m2026-03-03 12:06:51[0m | [1mINFO    [0m | [36mdata_loader[0m:[36mload_cached_data[0m:[36m51[0m - [1mLoaded 51840 rows from cache: WBTC_5m[0m
[32m2026-03-03 12:06:51[0m | [1mINFO    [0m | [36mrisk_manager[0m:[36mfunding_rate_filter[0m:[36m96[0m - [1mFunding rate 0.0000 unfavorable for LONG[0m
                               Real-Time Signals                                
┏━━━━━━━━┳━━━━━━━━┳━━━━━━━━━━┳━━━━━━━━━━┳━━━━━━━━━━┳━━━━━━┳━━━━━━━━━┳━━━━━━━━━━┓
┃        ┃        ┃          ┃          ┃          ┃      ┃         ┃ Funding  ┃
┃ Symbol ┃ Signal ┃ Confide… ┃ Price    ┃ Change % ┃ RSI  ┃ Funding ┃ OK       ┃
┡━━━━━━━━╇━━━━━━━━╇━━━━━━━━━━╇━━━━━━━━━━╇━━━━━━━━━━╇━━━━━━╇━━━━━━━━━╇━━━━━━━━━━┩
│ SOL    │ LONG   │ 50.0%    │ $119.10… │ +0.06%   │ 49.7 │ 0.00000 │ ✗        │
│ ETH    │ LONG   │ 50.0%    │ $99.8511 │ +0.00%   │ 49.5 │ 0.00000 │ ✗        │
│ WBTC   │ LONG   │ 50.0%    │ $172.22… │ +0.19%   │ 64.9 │ 0.00000 │ ✗        │
└────────┴────────┴──────────┴──────────┴──────────┴──────┴─────────┴──────────┘
[32m2026-03-03 12:07:51[0m | [1mINFO    [0m | [36mdata_loader[0m:[36mload_cached_data[0m:[36m51[0m - [1mLoaded 51840 rows from cache: SOL_5m[0m
[32m2026-03-03 12:07:52[0m | [1mINFO    [0m | [36mrisk_manager[0m:[36mfunding_rate_filter[0m:[36m96[0m - [1mFunding rate 0.0000 unfavorable for LONG[0m
[32m2026-03-03 12:07:52[0m | [1mINFO    [0m | [36mdata_loader[0m:[36mload_cached_data[0m:[36m51[0m - [1mLoaded 51840 rows from cache: ETH_5m[0m
[32m2026-03-03 12:07:52[0m | [1mINFO    [0m | [36mrisk_manager[0m:[36mfunding_rate_filter[0m:[36m96[0m - [1mFunding rate 0.0000 unfavorable for LONG[0m
[32m2026-03-03 12:07:52[0m | [1mINFO    [0m | [36mdata_loader[0m:[36mload_cached_data[0m:[36m51[0m - [1mLoaded 51840 rows from cache: WBTC_5m[0m
[32m2026-03-03 12:07:52[0m | [1mINFO    [0m | [36mrisk_manager[0m:[36mfunding_rate_filter[0m:[36m96[0m - [1mFunding rate 0.0000 unfavorable for LONG[0m
                               Real-Time Signals                                
┏━━━━━━━━┳━━━━━━━━┳━━━━━━━━━━┳━━━━━━━━━━┳━━━━━━━━━━┳━━━━━━┳━━━━━━━━━┳━━━━━━━━━━┓
┃        ┃        ┃          ┃          ┃          ┃      ┃         ┃ Funding  ┃
┃ Symbol ┃ Signal ┃ Confide… ┃ Price    ┃ Change % ┃ RSI  ┃ Funding ┃ OK       ┃
┡━━━━━━━━╇━━━━━━━━╇━━━━━━━━━━╇━━━━━━━━━━╇━━━━━━━━━━╇━━━━━━╇━━━━━━━━━╇━━━━━━━━━━┩
│ SOL    │ LONG   │ 50.0%    │ $119.10… │ +0.06%   │ 49.7 │ 0.00000 │ ✗        │
│ ETH    │ LONG   │ 50.0%    │ $99.8511 │ +0.00%   │ 49.5 │ 0.00000 │ ✗        │
│ WBTC   │ LONG   │ 50.0%    │ $172.22… │ +0.19%   │ 64.9 │ 0.00000 │ ✗        │
└────────┴────────┴──────────┴──────────┴──────────┴──────┴─────────┴──────────┘
[32m2026-03-03 12:08:52[0m | [1mINFO    [0m | [36mdata_loader[0m:[36mload_cached_data[0m:[36m51[0m - [1mLoaded 51840 rows from cache: SOL_5m[0m
[32m2026-03-03 12:08:53[0m | [1mINFO    [0m | [36mrisk_manager[0m:[36mfunding_rate_filter[0m:[36m96[0m - [1mFunding rate 0.0000 unfavorable for LONG[0m
[32m2026-03-03 12:08:53[0m | [1mINFO    [0m | [36mdata_loader[0m:[36mload_cached_data[0m:[36m51[0m - [1mLoaded 51840 rows from cache: ETH_5m[0m
[32m2026-03-03 12:08:53[0m | [1mINFO    [0m | [36mrisk_manager[0m:[36mfunding_rate_filter[0m:[36m96[0m - [1mFunding rate 0.0000 unfavorable for LONG[0m
[32m2026-03-03 12:08:53[0m | [1mINFO    [0m | [36mdata_loader[0m:[36mload_cached_data[0m:[36m51[0m - [1mLoaded 51840 rows from cache: WBTC_5m[0m
[32m2026-03-03 12:08:54[0m | [1mINFO    [0m | [36mrisk_manager[0m:[36mfunding_rate_filter[0m:[36m96[0m - [1mFunding rate 0.0000 unfavorable for LONG[0m
                               Real-Time Signals                                
┏━━━━━━━━┳━━━━━━━━┳━━━━━━━━━━┳━━━━━━━━━━┳━━━━━━━━━━┳━━━━━━┳━━━━━━━━━┳━━━━━━━━━━┓
┃        ┃        ┃          ┃          ┃          ┃      ┃         ┃ Funding  ┃
┃ Symbol ┃ Signal ┃ Confide… ┃ Price    ┃ Change % ┃ RSI  ┃ Funding ┃ OK       ┃
┡━━━━━━━━╇━━━━━━━━╇━━━━━━━━━━╇━━━━━━━━━━╇━━━━━━━━━━╇━━━━━━╇━━━━━━━━━╇━━━━━━━━━━┩
│ SOL    │ LONG   │ 50.0%    │ $119.10… │ +0.06%   │ 49.7 │ 0.00000 │ ✗        │
│ ETH    │ LONG   │ 50.0%    │ $99.8511 │ +0.00%   │ 49.5 │ 0.00000 │ ✗        │
│ WBTC   │ LONG   │ 50.0%    │ $172.22… │ +0.19%   │ 64.9 │ 0.00000 │ ✗        │
└────────┴────────┴──────────┴──────────┴──────────┴──────┴─────────┴──────────┘
[32m2026-03-03 12:09:54[0m | [1mINFO    [0m | [36mdata_loader[0m:[36mload_cached_data[0m:[36m51[0m - [1mLoaded 51840 rows from cache: SOL_5m[0m
[32m2026-03-03 12:09:54[0m | [1mINFO    [0m | [36mrisk_manager[0m:[36mfunding_rate_filter[0m:[36m96[0m - [1mFunding rate 0.0000 unfavorable for LONG[0m
[32m2026-03-03 12:09:54[0m | [1mINFO    [0m | [36mdata_loader[0m:[36mload_cached_data[0m:[36m51[0m - [1mLoaded 51840 rows from cache: ETH_5m[0m
[32m2026-03-03 12:09:54[0m | [1mINFO    [0m | [36mrisk_manager[0m:[36mfunding_rate_filter[0m:[36m96[0m - [1mFunding rate 0.0000 unfavorable for LONG[0m
[32m2026-03-03 12:09:54[0m | [1mINFO    [0m | [36mdata_loader[0m:[36mload_cached_data[0m:[36m51[0m - [1mLoaded 51840 rows from cache: WBTC_5m[0m
[32m2026-03-03 12:09:55[0m | [1mINFO    [0m | [36mrisk_manager[0m:[36mfunding_rate_filter[0m:[36m96[0m - [1mFunding rate 0.0000 unfavorable for LONG[0m
                               Real-Time Signals                                
┏━━━━━━━━┳━━━━━━━━┳━━━━━━━━━━┳━━━━━━━━━━┳━━━━━━━━━━┳━━━━━━┳━━━━━━━━━┳━━━━━━━━━━┓
┃        ┃        ┃          ┃          ┃          ┃      ┃         ┃ Funding  ┃
┃ Symbol ┃ Signal ┃ Confide… ┃ Price    ┃ Change % ┃ RSI  ┃ Funding ┃ OK       ┃
┡━━━━━━━━╇━━━━━━━━╇━━━━━━━━━━╇━━━━━━━━━━╇━━━━━━━━━━╇━━━━━━╇━━━━━━━━━╇━━━━━━━━━━┩
│ SOL    │ LONG   │ 50.0%    │ $119.10… │ +0.06%   │ 49.7 │ 0.00000 │ ✗        │
│ ETH    │ LONG   │ 50.0%    │ $99.8511 │ +0.00%   │ 49.5 │ 0.00000 │ ✗        │
│ WBTC   │ LONG   │ 50.0%    │ $172.22… │ +0.19%   │ 64.9 │ 0.00000 │ ✗        │
└────────┴────────┴──────────┴──────────┴──────────┴──────┴─────────┴──────────┘
[32m2026-03-03 12:10:55[0m | [1mINFO    [0m | [36mdata_loader[0m:[36mload_cached_data[0m:[36m51[0m - [1mLoaded 51840 rows from cache: SOL_5m[0m
[32m2026-03-03 12:10:55[0m | [1mINFO    [0m | [36mrisk_manager[0m:[36mfunding_rate_filter[0m:[36m96[0m - [1mFunding rate 0.0000 unfavorable for LONG[0m
[32m2026-03-03 12:10:55[0m | [1mINFO    [0m | [36mdata_loader[0m:[36mload_cached_data[0m:[36m51[0m - [1mLoaded 51840 rows from cache: ETH_5m[0m
[32m2026-03-03 12:10:55[0m | [1mINFO    [0m | [36mrisk_manager[0m:[36mfunding_rate_filter[0m:[36m96[0m - [1mFunding rate 0.0000 unfavorable for LONG[0m
[32m2026-03-03 12:10:55[0m | [1mINFO    [0m | [36mdata_loader[0m:[36mload_cached_data[0m:[36m51[0m - [1mLoaded 51840 rows from cache: WBTC_5m[0m
[32m2026-03-03 12:10:56[0m | [1mINFO    [0m | [36mrisk_manager[0m:[36mfunding_rate_filter[0m:[36m96[0m - [1mFunding rate 0.0000 unfavorable for LONG[0m
                               Real-Time Signals                                
┏━━━━━━━━┳━━━━━━━━┳━━━━━━━━━━┳━━━━━━━━━━┳━━━━━━━━━━┳━━━━━━┳━━━━━━━━━┳━━━━━━━━━━┓
┃        ┃        ┃          ┃          ┃          ┃      ┃         ┃ Funding  ┃
┃ Symbol ┃ Signal ┃ Confide… ┃ Price    ┃ Change % ┃ RSI  ┃ Funding ┃ OK       ┃
┡━━━━━━━━╇━━━━━━━━╇━━━━━━━━━━╇━━━━━━━━━━╇━━━━━━━━━━╇━━━━━━╇━━━━━━━━━╇━━━━━━━━━━┩
│ SOL    │ LONG   │ 50.0%    │ $119.10… │ +0.06%   │ 49.7 │ 0.00000 │ ✗        │
│ ETH    │ LONG   │ 50.0%    │ $99.8511 │ +0.00%   │ 49.5 │ 0.00000 │ ✗        │
│ WBTC   │ LONG   │ 50.0%    │ $172.22… │ +0.19%   │ 64.9 │ 0.00000 │ ✗        │
└────────┴────────┴──────────┴──────────┴──────────┴──────┴─────────┴──────────┘
[32m2026-03-03 12:11:56[0m | [1mINFO    [0m | [36mdata_loader[0m:[36mload_cached_data[0m:[36m51[0m - [1mLoaded 51840 rows from cache: SOL_5m[0m
[32m2026-03-03 12:11:56[0m | [1mINFO    [0m | [36mrisk_manager[0m:[36mfunding_rate_filter[0m:[36m96[0m - [1mFunding rate 0.0000 unfavorable for LONG[0m
[32m2026-03-03 12:11:56[0m | [1mINFO    [0m | [36mdata_loader[0m:[36mload_cached_data[0m:[36m51[0m - [1mLoaded 51840 rows from cache: ETH_5m[0m
[32m2026-03-03 12:11:57[0m | [1mINFO    [0m | [36mrisk_manager[0m:[36mfunding_rate_filter[0m:[36m96[0m - [1mFunding rate 0.0000 unfavorable for LONG[0m
[32m2026-03-03 12:11:57[0m | [1mINFO    [0m | [36mdata_loader[0m:[36mload_cached_data[0m:[36m51[0m - [1mLoaded 51840 rows from cache: WBTC_5m[0m
[32m2026-03-03 12:11:57[0m | [1mINFO    [0m | [36mrisk_manager[0m:[36mfunding_rate_filter[0m:[36m96[0m - [1mFunding rate 0.0000 unfavorable for LONG[0m
                               Real-Time Signals                                
┏━━━━━━━━┳━━━━━━━━┳━━━━━━━━━━┳━━━━━━━━━━┳━━━━━━━━━━┳━━━━━━┳━━━━━━━━━┳━━━━━━━━━━┓
┃        ┃        ┃          ┃          ┃          ┃      ┃         ┃ Funding  ┃
┃ Symbol ┃ Signal ┃ Confide… ┃ Price    ┃ Change % ┃ RSI  ┃ Funding ┃ OK       ┃
┡━━━━━━━━╇━━━━━━━━╇━━━━━━━━━━╇━━━━━━━━━━╇━━━━━━━━━━╇━━━━━━╇━━━━━━━━━╇━━━━━━━━━━┩
│ SOL    │ LONG   │ 50.0%    │ $119.10… │ +0.06%   │ 49.7 │ 0.00000 │ ✗        │
│ ETH    │ LONG   │ 50.0%    │ $99.8511 │ +0.00%   │ 49.5 │ 0.00000 │ ✗        │
│ WBTC   │ LONG   │ 50.0%    │ $172.22… │ +0.19%   │ 64.9 │ 0.00000 │ ✗        │
└────────┴────────┴──────────┴──────────┴──────────┴──────┴─────────┴──────────┘
[32m2026-03-03 12:12:57[0m | [1mINFO    [0m | [36mdata_loader[0m:[36mload_cached_data[0m:[36m51[0m - [1mLoaded 51840 rows from cache: SOL_5m[0m
[32m2026-03-03 12:12:57[0m | [1mINFO    [0m | [36mrisk_manager[0m:[36mfunding_rate_filter[0m:[36m96[0m - [1mFunding rate 0.0000 unfavorable for LONG[0m
[32m2026-03-03 12:12:57[0m | [1mINFO    [0m | [36mdata_loader[0m:[36mload_cached_data[0m:[36m51[0m - [1mLoaded 51840 rows from cache: ETH_5m[0m
[32m2026-03-03 12:12:58[0m | [1mINFO    [0m | [36mrisk_manager[0m:[36mfunding_rate_filter[0m:[36m96[0m - [1mFunding rate 0.0000 unfavorable for LONG[0m
[32m2026-03-03 12:12:58[0m | [1mINFO    [0m | [36mdata_loader[0m:[36mload_cached_data[0m:[36m51[0m - [1mLoaded 51840 rows from cache: WBTC_5m[0m
[32m2026-03-03 12:12:58[0m | [1mINFO    [0m | [36mrisk_manager[0m:[36mfunding_rate_filter[0m:[36m96[0m - [1mFunding rate 0.0000 unfavorable for LONG[0m
                               Real-Time Signals                                
┏━━━━━━━━┳━━━━━━━━┳━━━━━━━━━━┳━━━━━━━━━━┳━━━━━━━━━━┳━━━━━━┳━━━━━━━━━┳━━━━━━━━━━┓
┃        ┃        ┃          ┃          ┃          ┃      ┃         ┃ Funding  ┃
┃ Symbol ┃ Signal ┃ Confide… ┃ Price    ┃ Change % ┃ RSI  ┃ Funding ┃ OK       ┃
┡━━━━━━━━╇━━━━━━━━╇━━━━━━━━━━╇━━━━━━━━━━╇━━━━━━━━━━╇━━━━━━╇━━━━━━━━━╇━━━━━━━━━━┩
│ SOL    │ LONG   │ 50.0%    │ $119.10… │ +0.06%   │ 49.7 │ 0.00000 │ ✗        │
│ ETH    │ LONG   │ 50.0%    │ $99.8511 │ +0.00%   │ 49.5 │ 0.00000 │ ✗        │
│ WBTC   │ LONG   │ 50.0%    │ $172.22… │ +0.19%   │ 64.9 │ 0.00000 │ ✗        │
└────────┴────────┴──────────┴──────────┴──────────┴──────┴─────────┴──────────┘
[32m2026-03-03 12:13:58[0m | [1mINFO    [0m | [36mdata_loader[0m:[36mload_cached_data[0m:[36m51[0m - [1mLoaded 51840 rows from cache: SOL_5m[0m
[32m2026-03-03 12:13:58[0m | [1mINFO    [0m | [36mrisk_manager[0m:[36mfunding_rate_filter[0m:[36m96[0m - [1mFunding rate 0.0000 unfavorable for LONG[0m
[32m2026-03-03 12:13:58[0m | [1mINFO    [0m | [36mdata_loader[0m:[36mload_cached_data[0m:[36m51[0m - [1mLoaded 51840 rows from cache: ETH_5m[0m
[32m2026-03-03 12:13:59[0m | [1mINFO    [0m | [36mrisk_manager[0m:[36mfunding_rate_filter[0m:[36m96[0m - [1mFunding rate 0.0000 unfavorable for LONG[0m
[32m2026-03-03 12:13:59[0m | [1mINFO    [0m | [36mdata_loader[0m:[36mload_cached_data[0m:[36m51[0m - [1mLoaded 51840 rows from cache: WBTC_5m[0m
[32m2026-03-03 12:13:59[0m | [1mINFO    [0m | [36mrisk_manager[0m:[36mfunding_rate_filter[0m:[36m96[0m - [1mFunding rate 0.0000 unfavorable for LONG[0m
                               Real-Time Signals                                
┏━━━━━━━━┳━━━━━━━━┳━━━━━━━━━━┳━━━━━━━━━━┳━━━━━━━━━━┳━━━━━━┳━━━━━━━━━┳━━━━━━━━━━┓
┃        ┃        ┃          ┃          ┃          ┃      ┃         ┃ Funding  ┃
┃ Symbol ┃ Signal ┃ Confide… ┃ Price    ┃ Change % ┃ RSI  ┃ Funding ┃ OK       ┃
┡━━━━━━━━╇━━━━━━━━╇━━━━━━━━━━╇━━━━━━━━━━╇━━━━━━━━━━╇━━━━━━╇━━━━━━━━━╇━━━━━━━━━━┩
│ SOL    │ LONG   │ 50.0%    │ $119.10… │ +0.06%   │ 49.7 │ 0.00000 │ ✗        │
│ ETH    │ LONG   │ 50.0%    │ $99.8511 │ +0.00%   │ 49.5 │ 0.00000 │ ✗        │
│ WBTC   │ LONG   │ 50.0%    │ $172.22… │ +0.19%   │ 64.9 │ 0.00000 │ ✗        │
└────────┴────────┴──────────┴──────────┴──────────┴──────┴─────────┴──────────┘
[32m2026-03-03 12:14:59[0m | [1mINFO    [0m | [36mdata_loader[0m:[36mload_cached_data[0m:[36m51[0m - [1mLoaded 51840 rows from cache: SOL_5m[0m
[32m2026-03-03 12:14:59[0m | [1mINFO    [0m | [36mrisk_manager[0m:[36mfunding_rate_filter[0m:[36m96[0m - [1mFunding rate 0.0000 unfavorable for LONG[0m
[32m2026-03-03 12:14:59[0m | [1mINFO    [0m | [36mdata_loader[0m:[36mload_cached_data[0m:[36m51[0m - [1mLoaded 51840 rows from cache: ETH_5m[0m
[32m2026-03-03 12:15:00[0m | [1mINFO    [0m | [36mrisk_manager[0m:[36mfunding_rate_filter[0m:[36m96[0m - [1mFunding rate 0.0000 unfavorable for LONG[0m
[32m2026-03-03 12:15:00[0m | [1mINFO    [0m | [36mdata_loader[0m:[36mload_cached_data[0m:[36m51[0m - [1mLoaded 51840 rows from cache: WBTC_5m[0m
[32m2026-03-03 12:15:00[0m | [1mINFO    [0m | [36mrisk_manager[0m:[36mfunding_rate_filter[0m:[36m96[0m - [1mFunding rate 0.0000 unfavorable for LONG[0m
                               Real-Time Signals                                
┏━━━━━━━━┳━━━━━━━━┳━━━━━━━━━━┳━━━━━━━━━━┳━━━━━━━━━━┳━━━━━━┳━━━━━━━━━┳━━━━━━━━━━┓
┃        ┃        ┃          ┃          ┃          ┃      ┃         ┃ Funding  ┃
┃ Symbol ┃ Signal ┃ Confide… ┃ Price    ┃ Change % ┃ RSI  ┃ Funding ┃ OK       ┃
┡━━━━━━━━╇━━━━━━━━╇━━━━━━━━━━╇━━━━━━━━━━╇━━━━━━━━━━╇━━━━━━╇━━━━━━━━━╇━━━━━━━━━━┩
│ SOL    │ LONG   │ 50.0%    │ $119.10… │ +0.06%   │ 49.7 │ 0.00000 │ ✗        │
│ ETH    │ LONG   │ 50.0%    │ $99.8511 │ +0.00%   │ 49.5 │ 0.00000 │ ✗        │
│ WBTC   │ LONG   │ 50.0%    │ $172.22… │ +0.19%   │ 64.9 │ 0.00000 │ ✗        │
└────────┴────────┴──────────┴──────────┴──────────┴──────┴─────────┴──────────┘
[32m2026-03-03 12:16:00[0m | [1mINFO    [0m | [36mdata_loader[0m:[36mload_cached_data[0m:[36m51[0m - [1mLoaded 51840 rows from cache: SOL_5m[0m
[32m2026-03-03 12:16:00[0m | [1mINFO    [0m | [36mrisk_manager[0m:[36mfunding_rate_filter[0m:[36m96[0m - [1mFunding rate 0.0000 unfavorable for LONG[0m
[32m2026-03-03 12:16:01[0m | [1mINFO    [0m | [36mdata_loader[0m:[36mload_cached_data[0m:[36m51[0m - [1mLoaded 51840 rows from cache: ETH_5m[0m
[32m2026-03-03 12:16:01[0m | [1mINFO    [0m | [36mrisk_manager[0m:[36mfunding_rate_filter[0m:[36m96[0m - [1mFunding rate 0.0000 unfavorable for LONG[0m
[32m2026-03-03 12:16:01[0m | [1mINFO    [0m | [36mdata_loader[0m:[36mload_cached_data[0m:[36m51[0m - [1mLoaded 51840 rows from cache: WBTC_5m[0m
[32m2026-03-03 12:16:01[0m | [1mINFO    [0m | [36mrisk_manager[0m:[36mfunding_rate_filter[0m:[36m96[0m - [1mFunding rate 0.0000 unfavorable for LONG[0m
                               Real-Time Signals                                
┏━━━━━━━━┳━━━━━━━━┳━━━━━━━━━━┳━━━━━━━━━━┳━━━━━━━━━━┳━━━━━━┳━━━━━━━━━┳━━━━━━━━━━┓
┃        ┃        ┃          ┃          ┃          ┃      ┃         ┃ Funding  ┃
┃ Symbol ┃ Signal ┃ Confide… ┃ Price    ┃ Change % ┃ RSI  ┃ Funding ┃ OK       ┃
┡━━━━━━━━╇━━━━━━━━╇━━━━━━━━━━╇━━━━━━━━━━╇━━━━━━━━━━╇━━━━━━╇━━━━━━━━━╇━━━━━━━━━━┩
│ SOL    │ LONG   │ 50.0%    │ $119.10… │ +0.06%   │ 49.7 │ 0.00000 │ ✗        │
│ ETH    │ LONG   │ 50.0%    │ $99.8511 │ +0.00%   │ 49.5 │ 0.00000 │ ✗        │
│ WBTC   │ LONG   │ 50.0%    │ $172.22… │ +0.19%   │ 64.9 │ 0.00000 │ ✗        │
└────────┴────────┴──────────┴──────────┴──────────┴──────┴─────────┴──────────┘
[32m2026-03-03 12:17:01[0m | [1mINFO    [0m | [36mdata_loader[0m:[36mload_cached_data[0m:[36m51[0m - [1mLoaded 51840 rows from cache: SOL_5m[0m
[32m2026-03-03 12:17:02[0m | [1mINFO    [0m | [36mrisk_manager[0m:[36mfunding_rate_filter[0m:[36m96[0m - [1mFunding rate 0.0000 unfavorable for LONG[0m
[32m2026-03-03 12:17:02[0m | [1mINFO    [0m | [36mdata_loader[0m:[36mload_cached_data[0m:[36m51[0m - [1mLoaded 51840 rows from cache: ETH_5m[0m
[32m2026-03-03 12:17:02[0m | [1mINFO    [0m | [36mrisk_manager[0m:[36mfunding_rate_filter[0m:[36m96[0m - [1mFunding rate 0.0000 unfavorable for LONG[0m
[32m2026-03-03 12:17:02[0m | [1mINFO    [0m | [36mdata_loader[0m:[36mload_cached_data[0m:[36m51[0m - [1mLoaded 51840 rows from cache: WBTC_5m[0m
[32m2026-03-03 12:17:02[0m | [1mINFO    [0m | [36mrisk_manager[0m:[36mfunding_rate_filter[0m:[36m96[0m - [1mFunding rate 0.0000 unfavorable for LONG[0m
                               Real-Time Signals                                
┏━━━━━━━━┳━━━━━━━━┳━━━━━━━━━━┳━━━━━━━━━━┳━━━━━━━━━━┳━━━━━━┳━━━━━━━━━┳━━━━━━━━━━┓
┃        ┃        ┃          ┃          ┃          ┃      ┃         ┃ Funding  ┃
┃ Symbol ┃ Signal ┃ Confide… ┃ Price    ┃ Change % ┃ RSI  ┃ Funding ┃ OK       ┃
┡━━━━━━━━╇━━━━━━━━╇━━━━━━━━━━╇━━━━━━━━━━╇━━━━━━━━━━╇━━━━━━╇━━━━━━━━━╇━━━━━━━━━━┩
│ SOL    │ LONG   │ 50.0%    │ $119.10… │ +0.06%   │ 49.7 │ 0.00000 │ ✗        │
│ ETH    │ LONG   │ 50.0%    │ $99.8511 │ +0.00%   │ 49.5 │ 0.00000 │ ✗        │
│ WBTC   │ LONG   │ 50.0%    │ $172.22… │ +0.19%   │ 64.9 │ 0.00000 │ ✗        │
└────────┴────────┴──────────┴──────────┴──────────┴──────┴─────────┴──────────┘
[32m2026-03-03 12:18:02[0m | [1mINFO    [0m | [36mdata_loader[0m:[36mload_cached_data[0m:[36m51[0m - [1mLoaded 51840 rows from cache: SOL_5m[0m
[32m2026-03-03 12:18:03[0m | [1mINFO    [0m | [36mrisk_manager[0m:[36mfunding_rate_filter[0m:[36m96[0m - [1mFunding rate 0.0000 unfavorable for LONG[0m
[32m2026-03-03 12:18:03[0m | [1mINFO    [0m | [36mdata_loader[0m:[36mload_cached_data[0m:[36m51[0m - [1mLoaded 51840 rows from cache: ETH_5m[0m
[32m2026-03-03 12:18:03[0m | [1mINFO    [0m | [36mrisk_manager[0m:[36mfunding_rate_filter[0m:[36m96[0m - [1mFunding rate 0.0000 unfavorable for LONG[0m
[32m2026-03-03 12:18:03[0m | [1mINFO    [0m | [36mdata_loader[0m:[36mload_cached_data[0m:[36m51[0m - [1mLoaded 51840 rows from cache: WBTC_5m[0m
[32m2026-03-03 12:18:03[0m | [1mINFO    [0m | [36mrisk_manager[0m:[36mfunding_rate_filter[0m:[36m96[0m - [1mFunding rate 0.0000 unfavorable for LONG[0m
                               Real-Time Signals                                
┏━━━━━━━━┳━━━━━━━━┳━━━━━━━━━━┳━━━━━━━━━━┳━━━━━━━━━━┳━━━━━━┳━━━━━━━━━┳━━━━━━━━━━┓
┃        ┃        ┃          ┃          ┃          ┃      ┃         ┃ Funding  ┃
┃ Symbol ┃ Signal ┃ Confide… ┃ Price    ┃ Change % ┃ RSI  ┃ Funding ┃ OK       ┃
┡━━━━━━━━╇━━━━━━━━╇━━━━━━━━━━╇━━━━━━━━━━╇━━━━━━━━━━╇━━━━━━╇━━━━━━━━━╇━━━━━━━━━━┩
│ SOL    │ LONG   │ 50.0%    │ $119.10… │ +0.06%   │ 49.7 │ 0.00000 │ ✗        │
│ ETH    │ LONG   │ 50.0%    │ $99.8511 │ +0.00%   │ 49.5 │ 0.00000 │ ✗        │
│ WBTC   │ LONG   │ 50.0%    │ $172.22… │ +0.19%   │ 64.9 │ 0.00000 │ ✗        │
└────────┴────────┴──────────┴──────────┴──────────┴──────┴─────────┴──────────┘
[32m2026-03-03 12:19:03[0m | [1mINFO    [0m | [36mdata_loader[0m:[36mload_cached_data[0m:[36m51[0m - [1mLoaded 51840 rows from cache: SOL_5m[0m
[32m2026-03-03 12:19:04[0m | [1mINFO    [0m | [36mrisk_manager[0m:[36mfunding_rate_filter[0m:[36m96[0m - [1mFunding rate 0.0000 unfavorable for LONG[0m
[32m2026-03-03 12:19:04[0m | [1mINFO    [0m | [36mdata_loader[0m:[36mload_cached_data[0m:[36m51[0m - [1mLoaded 51840 rows from cache: ETH_5m[0m
[32m2026-03-03 12:19:04[0m | [1mINFO    [0m | [36mrisk_manager[0m:[36mfunding_rate_filter[0m:[36m96[0m - [1mFunding rate 0.0000 unfavorable for LONG[0m
[32m2026-03-03 12:19:04[0m | [1mINFO    [0m | [36mdata_loader[0m:[36mload_cached_data[0m:[36m51[0m - [1mLoaded 51840 rows from cache: WBTC_5m[0m
[32m2026-03-03 12:19:04[0m | [1mINFO    [0m | [36mrisk_manager[0m:[36mfunding_rate_filter[0m:[36m96[0m - [1mFunding rate 0.0000 unfavorable for LONG[0m
                               Real-Time Signals                                
┏━━━━━━━━┳━━━━━━━━┳━━━━━━━━━━┳━━━━━━━━━━┳━━━━━━━━━━┳━━━━━━┳━━━━━━━━━┳━━━━━━━━━━┓
┃        ┃        ┃          ┃          ┃          ┃      ┃         ┃ Funding  ┃
┃ Symbol ┃ Signal ┃ Confide… ┃ Price    ┃ Change % ┃ RSI  ┃ Funding ┃ OK       ┃
┡━━━━━━━━╇━━━━━━━━╇━━━━━━━━━━╇━━━━━━━━━━╇━━━━━━━━━━╇━━━━━━╇━━━━━━━━━╇━━━━━━━━━━┩
│ SOL    │ LONG   │ 50.0%    │ $119.10… │ +0.06%   │ 49.7 │ 0.00000 │ ✗        │
│ ETH    │ LONG   │ 50.0%    │ $99.8511 │ +0.00%   │ 49.5 │ 0.00000 │ ✗        │
│ WBTC   │ LONG   │ 50.0%    │ $172.22… │ +0.19%   │ 64.9 │ 0.00000 │ ✗        │
└────────┴────────┴──────────┴──────────┴──────────┴──────┴─────────┴──────────┘
[32m2026-03-03 12:20:04[0m | [1mINFO    [0m | [36mdata_loader[0m:[36mload_cached_data[0m:[36m51[0m - [1mLoaded 51840 rows from cache: SOL_5m[0m
[32m2026-03-03 12:20:05[0m | [1mINFO    [0m | [36mrisk_manager[0m:[36mfunding_rate_filter[0m:[36m96[0m - [1mFunding rate 0.0000 unfavorable for LONG[0m
[32m2026-03-03 12:20:05[0m | [1mINFO    [0m | [36mdata_loader[0m:[36mload_cached_data[0m:[36m51[0m - [1mLoaded 51840 rows from cache: ETH_5m[0m
[32m2026-03-03 12:20:05[0m | [1mINFO    [0m | [36mrisk_manager[0m:[36mfunding_rate_filter[0m:[36m96[0m - [1mFunding rate 0.0000 unfavorable for LONG[0m
[32m2026-03-03 12:20:05[0m | [1mINFO    [0m | [36mdata_loader[0m:[36mload_cached_data[0m:[36m51[0m - [1mLoaded 51840 rows from cache: WBTC_5m[0m
[32m2026-03-03 12:20:06[0m | [1mINFO    [0m | [36mrisk_manager[0m:[36mfunding_rate_filter[0m:[36m96[0m - [1mFunding rate 0.0000 unfavorable for LONG[0m
                               Real-Time Signals                                
┏━━━━━━━━┳━━━━━━━━┳━━━━━━━━━━┳━━━━━━━━━━┳━━━━━━━━━━┳━━━━━━┳━━━━━━━━━┳━━━━━━━━━━┓
┃        ┃        ┃          ┃          ┃          ┃      ┃         ┃ Funding  ┃
┃ Symbol ┃ Signal ┃ Confide… ┃ Price    ┃ Change % ┃ RSI  ┃ Funding ┃ OK       ┃
┡━━━━━━━━╇━━━━━━━━╇━━━━━━━━━━╇━━━━━━━━━━╇━━━━━━━━━━╇━━━━━━╇━━━━━━━━━╇━━━━━━━━━━┩
│ SOL    │ LONG   │ 50.0%    │ $119.10… │ +0.06%   │ 49.7 │ 0.00000 │ ✗        │
│ ETH    │ LONG   │ 50.0%    │ $99.8511 │ +0.00%   │ 49.5 │ 0.00000 │ ✗        │
│ WBTC   │ LONG   │ 50.0%    │ $172.22… │ +0.19%   │ 64.9 │ 0.00000 │ ✗        │
└────────┴────────┴──────────┴──────────┴──────────┴──────┴─────────┴──────────┘
[32m2026-03-03 12:21:06[0m | [1mINFO    [0m | [36mdata_loader[0m:[36mload_cached_data[0m:[36m51[0m - [1mLoaded 51840 rows from cache: SOL_5m[0m
[32m2026-03-03 12:21:06[0m | [1mINFO    [0m | [36mrisk_manager[0m:[36mfunding_rate_filter[0m:[36m96[0m - [1mFunding rate 0.0000 unfavorable for LONG[0m
[32m2026-03-03 12:21:06[0m | [1mINFO    [0m | [36mdata_loader[0m:[36mload_cached_data[0m:[36m51[0m - [1mLoaded 51840 rows from cache: ETH_5m[0m
[32m2026-03-03 12:21:06[0m | [1mINFO    [0m | [36mrisk_manager[0m:[36mfunding_rate_filter[0m:[36m96[0m - [1mFunding rate 0.0000 unfavorable for LONG[0m
[32m2026-03-03 12:21:06[0m | [1mINFO    [0m | [36mdata_loader[0m:[36mload_cached_data[0m:[36m51[0m - [1mLoaded 51840 rows from cache: WBTC_5m[0m
[32m2026-03-03 12:21:07[0m | [1mINFO    [0m | [36mrisk_manager[0m:[36mfunding_rate_filter[0m:[36m96[0m - [1mFunding rate 0.0000 unfavorable for LONG[0m
                               Real-Time Signals                                
┏━━━━━━━━┳━━━━━━━━┳━━━━━━━━━━┳━━━━━━━━━━┳━━━━━━━━━━┳━━━━━━┳━━━━━━━━━┳━━━━━━━━━━┓
┃        ┃        ┃          ┃          ┃          ┃      ┃         ┃ Funding  ┃
┃ Symbol ┃ Signal ┃ Confide… ┃ Price    ┃ Change % ┃ RSI  ┃ Funding ┃ OK       ┃
┡━━━━━━━━╇━━━━━━━━╇━━━━━━━━━━╇━━━━━━━━━━╇━━━━━━━━━━╇━━━━━━╇━━━━━━━━━╇━━━━━━━━━━┩
│ SOL    │ LONG   │ 50.0%    │ $119.10… │ +0.06%   │ 49.7 │ 0.00000 │ ✗        │
│ ETH    │ LONG   │ 50.0%    │ $99.8511 │ +0.00%   │ 49.5 │ 0.00000 │ ✗        │
│ WBTC   │ LONG   │ 50.0%    │ $172.22… │ +0.19%   │ 64.9 │ 0.00000 │ ✗        │
└────────┴────────┴──────────┴──────────┴──────────┴──────┴─────────┴──────────┘
[32m2026-03-03 12:22:07[0m | [1mINFO    [0m | [36mdata_loader[0m:[36mload_cached_data[0m:[36m51[0m - [1mLoaded 51840 rows from cache: SOL_5m[0m
[32m2026-03-03 12:22:07[0m | [1mINFO    [0m | [36mrisk_manager[0m:[36mfunding_rate_filter[0m:[36m96[0m - [1mFunding rate 0.0000 unfavorable for LONG[0m
[32m2026-03-03 12:22:07[0m | [1mINFO    [0m | [36mdata_loader[0m:[36mload_cached_data[0m:[36m51[0m - [1mLoaded 51840 rows from cache: ETH_5m[0m
[32m2026-03-03 12:22:07[0m | [1mINFO    [0m | [36mrisk_manager[0m:[36mfunding_rate_filter[0m:[36m96[0m - [1mFunding rate 0.0000 unfavorable for LONG[0m
[32m2026-03-03 12:22:07[0m | [1mINFO    [0m | [36mdata_loader[0m:[36mload_cached_data[0m:[36m51[0m - [1mLoaded 51840 rows from cache: WBTC_5m[0m
[32m2026-03-03 12:22:08[0m | [1mINFO    [0m | [36mrisk_manager[0m:[36mfunding_rate_filter[0m:[36m96[0m - [1mFunding rate 0.0000 unfavorable for LONG[0m
                               Real-Time Signals                                
┏━━━━━━━━┳━━━━━━━━┳━━━━━━━━━━┳━━━━━━━━━━┳━━━━━━━━━━┳━━━━━━┳━━━━━━━━━┳━━━━━━━━━━┓
┃        ┃        ┃          ┃          ┃          ┃      ┃         ┃ Funding  ┃
┃ Symbol ┃ Signal ┃ Confide… ┃ Price    ┃ Change % ┃ RSI  ┃ Funding ┃ OK       ┃
┡━━━━━━━━╇━━━━━━━━╇━━━━━━━━━━╇━━━━━━━━━━╇━━━━━━━━━━╇━━━━━━╇━━━━━━━━━╇━━━━━━━━━━┩
│ SOL    │ LONG   │ 50.0%    │ $119.10… │ +0.06%   │ 49.7 │ 0.00000 │ ✗        │
│ ETH    │ LONG   │ 50.0%    │ $99.8511 │ +0.00%   │ 49.5 │ 0.00000 │ ✗        │
│ WBTC   │ LONG   │ 50.0%    │ $172.22… │ +0.19%   │ 64.9 │ 0.00000 │ ✗        │
└────────┴────────┴──────────┴──────────┴──────────┴──────┴─────────┴──────────┘
[32m2026-03-03 12:23:08[0m | [1mINFO    [0m | [36mdata_loader[0m:[36mload_cached_data[0m:[36m51[0m - [1mLoaded 51840 rows from cache: SOL_5m[0m
[32m2026-03-03 12:23:08[0m | [1mINFO    [0m | [36mrisk_manager[0m:[36mfunding_rate_filter[0m:[36m96[0m - [1mFunding rate 0.0000 unfavorable for LONG[0m
[32m2026-03-03 12:23:08[0m | [1mINFO    [0m | [36mdata_loader[0m:[36mload_cached_data[0m:[36m51[0m - [1mLoaded 51840 rows from cache: ETH_5m[0m
[32m2026-03-03 12:23:08[0m | [1mINFO    [0m | [36mrisk_manager[0m:[36mfunding_rate_filter[0m:[36m96[0m - [1mFunding rate 0.0000 unfavorable for LONG[0m
[32m2026-03-03 12:23:08[0m | [1mINFO    [0m | [36mdata_loader[0m:[36mload_cached_data[0m:[36m51[0m - [1mLoaded 51840 rows from cache: WBTC_5m[0m
[32m2026-03-03 12:23:09[0m | [1mINFO    [0m | [36mrisk_manager[0m:[36mfunding_rate_filter[0m:[36m96[0m - [1mFunding rate 0.0000 unfavorable for LONG[0m
                               Real-Time Signals                                
┏━━━━━━━━┳━━━━━━━━┳━━━━━━━━━━┳━━━━━━━━━━┳━━━━━━━━━━┳━━━━━━┳━━━━━━━━━┳━━━━━━━━━━┓
┃        ┃        ┃          ┃          ┃          ┃      ┃         ┃ Funding  ┃
┃ Symbol ┃ Signal ┃ Confide… ┃ Price    ┃ Change % ┃ RSI  ┃ Funding ┃ OK       ┃
┡━━━━━━━━╇━━━━━━━━╇━━━━━━━━━━╇━━━━━━━━━━╇━━━━━━━━━━╇━━━━━━╇━━━━━━━━━╇━━━━━━━━━━┩
│ SOL    │ LONG   │ 50.0%    │ $119.10… │ +0.06%   │ 49.7 │ 0.00000 │ ✗        │
│ ETH    │ LONG   │ 50.0%    │ $99.8511 │ +0.00%   │ 49.5 │ 0.00000 │ ✗        │
│ WBTC   │ LONG   │ 50.0%    │ $172.22… │ +0.19%   │ 64.9 │ 0.00000 │ ✗        │
└────────┴────────┴──────────┴──────────┴──────────┴──────┴─────────┴──────────┘
[32m2026-03-03 12:24:09[0m | [1mINFO    [0m | [36mdata_loader[0m:[36mload_cached_data[0m:[36m51[0m - [1mLoaded 51840 rows from cache: SOL_5m[0m
[32m2026-03-03 12:24:09[0m | [1mINFO    [0m | [36mrisk_manager[0m:[36mfunding_rate_filter[0m:[36m96[0m - [1mFunding rate 0.0000 unfavorable for LONG[0m
[32m2026-03-03 12:24:09[0m | [1mINFO    [0m | [36mdata_loader[0m:[36mload_cached_data[0m:[36m51[0m - [1mLoaded 51840 rows from cache: ETH_5m[0m
[32m2026-03-03 12:24:10[0m | [1mINFO    [0m | [36mrisk_manager[0m:[36mfunding_rate_filter[0m:[36m96[0m - [1mFunding rate 0.0000 unfavorable for LONG[0m
[32m2026-03-03 12:24:10[0m | [1mINFO    [0m | [36mdata_loader[0m:[36mload_cached_data[0m:[36m51[0m - [1mLoaded 51840 rows from cache: WBTC_5m[0m
[32m2026-03-03 12:24:10[0m | [1mINFO    [0m | [36mrisk_manager[0m:[36mfunding_rate_filter[0m:[36m96[0m - [1mFunding rate 0.0000 unfavorable for LONG[0m
                               Real-Time Signals                                
┏━━━━━━━━┳━━━━━━━━┳━━━━━━━━━━┳━━━━━━━━━━┳━━━━━━━━━━┳━━━━━━┳━━━━━━━━━┳━━━━━━━━━━┓
┃        ┃        ┃          ┃          ┃          ┃      ┃         ┃ Funding  ┃
┃ Symbol ┃ Signal ┃ Confide… ┃ Price    ┃ Change % ┃ RSI  ┃ Funding ┃ OK       ┃
┡━━━━━━━━╇━━━━━━━━╇━━━━━━━━━━╇━━━━━━━━━━╇━━━━━━━━━━╇━━━━━━╇━━━━━━━━━╇━━━━━━━━━━┩
│ SOL    │ LONG   │ 50.0%    │ $119.10… │ +0.06%   │ 49.7 │ 0.00000 │ ✗        │
│ ETH    │ LONG   │ 50.0%    │ $99.8511 │ +0.00%   │ 49.5 │ 0.00000 │ ✗        │
│ WBTC   │ LONG   │ 50.0%    │ $172.22… │ +0.19%   │ 64.9 │ 0.00000 │ ✗        │
└────────┴────────┴──────────┴──────────┴──────────┴──────┴─────────┴──────────┘
[32m2026-03-03 12:25:10[0m | [1mINFO    [0m | [36mdata_loader[0m:[36mload_cached_data[0m:[36m51[0m - [1mLoaded 51840 rows from cache: SOL_5m[0m
[32m2026-03-03 12:25:10[0m | [1mINFO    [0m | [36mrisk_manager[0m:[36mfunding_rate_filter[0m:[36m96[0m - [1mFunding rate 0.0000 unfavorable for LONG[0m
[32m2026-03-03 12:25:10[0m | [1mINFO    [0m | [36mdata_loader[0m:[36mload_cached_data[0m:[36m51[0m - [1mLoaded 51840 rows from cache: ETH_5m[0m
[32m2026-03-03 12:25:11[0m | [1mINFO    [0m | [36mrisk_manager[0m:[36mfunding_rate_filter[0m:[36m96[0m - [1mFunding rate 0.0000 unfavorable for LONG[0m
[32m2026-03-03 12:25:11[0m | [1mINFO    [0m | [36mdata_loader[0m:[36mload_cached_data[0m:[36m51[0m - [1mLoaded 51840 rows from cache: WBTC_5m[0m
[32m2026-03-03 12:25:11[0m | [1mINFO    [0m | [36mrisk_manager[0m:[36mfunding_rate_filter[0m:[36m96[0m - [1mFunding rate 0.0000 unfavorable for LONG[0m
                               Real-Time Signals                                
┏━━━━━━━━┳━━━━━━━━┳━━━━━━━━━━┳━━━━━━━━━━┳━━━━━━━━━━┳━━━━━━┳━━━━━━━━━┳━━━━━━━━━━┓
┃        ┃        ┃          ┃          ┃          ┃      ┃         ┃ Funding  ┃
┃ Symbol ┃ Signal ┃ Confide… ┃ Price    ┃ Change % ┃ RSI  ┃ Funding ┃ OK       ┃
┡━━━━━━━━╇━━━━━━━━╇━━━━━━━━━━╇━━━━━━━━━━╇━━━━━━━━━━╇━━━━━━╇━━━━━━━━━╇━━━━━━━━━━┩
│ SOL    │ LONG   │ 50.0%    │ $119.10… │ +0.06%   │ 49.7 │ 0.00000 │ ✗        │
│ ETH    │ LONG   │ 50.0%    │ $99.8511 │ +0.00%   │ 49.5 │ 0.00000 │ ✗        │
│ WBTC   │ LONG   │ 50.0%    │ $172.22… │ +0.19%   │ 64.9 │ 0.00000 │ ✗        │
└────────┴────────┴──────────┴──────────┴──────────┴──────┴─────────┴──────────┘
